<?xml version="1.0" encoding="utf-8"?>
<TestRun id="4d853adb-a467-422c-a72b-4a6b3728379d" name="Yaroslav@DESKTOP-A038BOA 2024-12-16 18:12:44" runUser="DESKTOP-A038BOA\Yaroslav" xmlns="http://microsoft.com/schemas/VisualStudio/TeamTest/2010">
  <Times creation="2024-12-16T18:12:44.0838554+02:00" queuing="2024-12-16T18:12:44.0838556+02:00" start="2024-12-16T18:12:40.4258686+02:00" finish="2024-12-16T18:12:44.1031399+02:00" />
  <TestSettings name="default" id="9e5cf1e5-09ce-464e-a43a-3a7312129f4e">
    <Deployment runDeploymentRoot="Yaroslav_DESKTOP-A038BOA_2024-12-16_18_12_44" />
  </TestSettings>
  <Results>
    <UnitTestResult executionId="07482cc0-4d3e-41ed-9a37-0d7b515b613a" testId="f22d09ee-806a-9290-39f3-83750233605b" testName="GetGameState_ReturnCurentGameState_WhenReturnedNewGameState" computerName="DESKTOP-A038BOA" duration="00:00:00.0001177" startTime="2024-12-16T18:12:44.0140672+02:00" endTime="2024-12-16T18:12:44.0142392+02:00" testType="13cdc9d9-ddb5-4fa4-a97d-d965ccfc6d4b" outcome="Passed" testListId="8c84fa94-04c1-424b-9868-57a2d4851a1d" relativeResultsDirectory="07482cc0-4d3e-41ed-9a37-0d7b515b613a" />
    <UnitTestResult executionId="f596d912-47e8-4340-a549-bd9edc148216" testId="116e8b0b-0d0d-214d-dae8-8284b0612d51" testName="SaveGameCommand_ExecuteSaveGameCommand_WhenCallsSaveMethodWithGameState" computerName="DESKTOP-A038BOA" duration="00:00:00.0018417" startTime="2024-12-16T18:12:44.0056395+02:00" endTime="2024-12-16T18:12:44.0075571+02:00" testType="13cdc9d9-ddb5-4fa4-a97d-d965ccfc6d4b" outcome="Passed" testListId="8c84fa94-04c1-424b-9868-57a2d4851a1d" relativeResultsDirectory="f596d912-47e8-4340-a549-bd9edc148216" />
    <UnitTestResult executionId="dbbd30fc-712f-43d3-8d88-90faba270fbf" testId="5a7001ee-1e75-0e93-3d6f-d538a3fd810d" testName="Move_ThrowArgumentOutOfRangeException_WhenCoordinateCellDoNotExist (3,0)" computerName="DESKTOP-A038BOA" duration="00:00:00.0000683" startTime="2024-12-16T18:12:44.0430283+02:00" endTime="2024-12-16T18:12:44.0431801+02:00" testType="13cdc9d9-ddb5-4fa4-a97d-d965ccfc6d4b" outcome="Passed" testListId="8c84fa94-04c1-424b-9868-57a2d4851a1d" relativeResultsDirectory="dbbd30fc-712f-43d3-8d88-90faba270fbf" />
    <UnitTestResult executionId="b4fa946c-f4d3-4711-b1b3-5c1587c14ce6" testId="29e367e7-2c2e-e076-dd77-d37380fed57d" testName="InvokeGameCommand_ExecuteLoadGameCommand_WhenCallsLoadMethodAndStateIsPredicted" computerName="DESKTOP-A038BOA" duration="00:00:00.0034510" startTime="2024-12-16T18:12:44.0020705+02:00" endTime="2024-12-16T18:12:44.0056126+02:00" testType="13cdc9d9-ddb5-4fa4-a97d-d965ccfc6d4b" outcome="Passed" testListId="8c84fa94-04c1-424b-9868-57a2d4851a1d" relativeResultsDirectory="b4fa946c-f4d3-4711-b1b3-5c1587c14ce6" />
    <UnitTestResult executionId="b8c92b48-13cc-4fc8-9e4f-5f431a1c3984" testId="d0f134f3-ffc5-6045-2be9-fa81030d4a4b" testName="Move_ThrowArgumentOutOfRangeException_WhenCoordinateCellDoNotExist (3,3)" computerName="DESKTOP-A038BOA" duration="00:00:00.0000738" startTime="2024-12-16T18:12:44.0433153+02:00" endTime="2024-12-16T18:12:44.0434586+02:00" testType="13cdc9d9-ddb5-4fa4-a97d-d965ccfc6d4b" outcome="Passed" testListId="8c84fa94-04c1-424b-9868-57a2d4851a1d" relativeResultsDirectory="b8c92b48-13cc-4fc8-9e4f-5f431a1c3984" />
    <UnitTestResult executionId="f34f9adc-0303-4fa7-8d6b-6dd8cddc9c6e" testId="64e714d6-22a4-041c-7de1-a44502c6950b" testName="Constructor_ThrowArgumentNullException_WhenArgumentsAreNull" computerName="DESKTOP-A038BOA" duration="00:00:00.8503957" startTime="2024-12-16T18:12:43.1336902+02:00" endTime="2024-12-16T18:12:43.9919181+02:00" testType="13cdc9d9-ddb5-4fa4-a97d-d965ccfc6d4b" outcome="Passed" testListId="8c84fa94-04c1-424b-9868-57a2d4851a1d" relativeResultsDirectory="f34f9adc-0303-4fa7-8d6b-6dd8cddc9c6e" />
    <UnitTestResult executionId="b3665447-7a0b-40f4-ab10-1380de434232" testId="69afdfc5-c59a-c05d-0161-e10db7c81dcd" testName="GetServerPort_ReturnConnectedSerialPort_WhenReturnedNeededPort" computerName="DESKTOP-A038BOA" duration="00:00:00.0063761" startTime="2024-12-16T18:12:44.0075828+02:00" endTime="2024-12-16T18:12:44.0140395+02:00" testType="13cdc9d9-ddb5-4fa4-a97d-d965ccfc6d4b" outcome="Passed" testListId="8c84fa94-04c1-424b-9868-57a2d4851a1d" relativeResultsDirectory="b3665447-7a0b-40f4-ab10-1380de434232" />
    <UnitTestResult executionId="5d80cc6e-9165-4214-8f0d-ba2334122128" testId="e5b62b0e-9bf6-a409-615d-6678b3e0707a" testName="Move_ThrowArgumentOutOfRangeException_WhenCoordinateCellDoNotExist (-1,-1)" computerName="DESKTOP-A038BOA" duration="00:00:00.0001323" startTime="2024-12-16T18:12:44.0427298+02:00" endTime="2024-12-16T18:12:44.0429952+02:00" testType="13cdc9d9-ddb5-4fa4-a97d-d965ccfc6d4b" outcome="Passed" testListId="8c84fa94-04c1-424b-9868-57a2d4851a1d" relativeResultsDirectory="5d80cc6e-9165-4214-8f0d-ba2334122128" />
    <UnitTestResult executionId="72ebfe53-172b-497c-ad7b-5cf3d6fa8796" testId="49c317ce-73eb-2c44-1d5b-f8d9fd923abf" testName="Move_ThrowArgumentOutOfRangeException_WhenCoordinateCellDoNotExist (-1,0)" computerName="DESKTOP-A038BOA" duration="00:00:00.0003604" startTime="2024-12-16T18:12:44.0146413+02:00" endTime="2024-12-16T18:12:44.0189250+02:00" testType="13cdc9d9-ddb5-4fa4-a97d-d965ccfc6d4b" outcome="Passed" testListId="8c84fa94-04c1-424b-9868-57a2d4851a1d" relativeResultsDirectory="72ebfe53-172b-497c-ad7b-5cf3d6fa8796" />
    <UnitTestResult executionId="e2da19d9-aacb-4459-ac40-f7713d2e4c98" testId="a29013b6-466a-f553-5b29-cbe963bb6c8d" testName="Move_ThrowArgumentOutOfRangeException_WhenCoordinateCellDoNotExist (0,3)" computerName="DESKTOP-A038BOA" duration="00:00:00.0000526" startTime="2024-12-16T18:12:44.0431957+02:00" endTime="2024-12-16T18:12:44.0433009+02:00" testType="13cdc9d9-ddb5-4fa4-a97d-d965ccfc6d4b" outcome="Passed" testListId="8c84fa94-04c1-424b-9868-57a2d4851a1d" relativeResultsDirectory="e2da19d9-aacb-4459-ac40-f7713d2e4c98" />
    <UnitTestResult executionId="0d51f621-16c9-4ccc-92cc-17a27e2f87b3" testId="2aaab0b5-d002-84de-6a25-54aa1d300e4f" testName="Move_MakeMove_WhenBoardChangedPredictably (0,0)" computerName="DESKTOP-A038BOA" duration="00:00:00.0015667" startTime="2024-12-16T18:12:44.0434796+02:00" endTime="2024-12-16T18:12:44.0455569+02:00" testType="13cdc9d9-ddb5-4fa4-a97d-d965ccfc6d4b" outcome="Passed" testListId="8c84fa94-04c1-424b-9868-57a2d4851a1d" relativeResultsDirectory="0d51f621-16c9-4ccc-92cc-17a27e2f87b3" />
    <UnitTestResult executionId="dcfe144d-a965-4e61-8d23-9b627f7f93f1" testId="026537f4-e1b5-9fc9-0296-6ccd1190b5e4" testName="Move_ReturnGameState_WhenGameStateUnchanged" computerName="DESKTOP-A038BOA" duration="00:00:00.0003047" startTime="2024-12-16T18:12:44.0142602+02:00" endTime="2024-12-16T18:12:44.0146154+02:00" testType="13cdc9d9-ddb5-4fa4-a97d-d965ccfc6d4b" outcome="Passed" testListId="8c84fa94-04c1-424b-9868-57a2d4851a1d" relativeResultsDirectory="dcfe144d-a965-4e61-8d23-9b627f7f93f1" />
    <UnitTestResult executionId="2418ea8b-a1d3-458c-ba48-c014489be876" testId="133b6814-54e3-6526-6b14-688839d4c821" testName="Move_ThrowArgumentOutOfRangeException_WhenCoordinateCellDoNotExist (0,-1)" computerName="DESKTOP-A038BOA" duration="00:00:00.0002501" startTime="2024-12-16T18:12:44.0189515+02:00" endTime="2024-12-16T18:12:44.0192927+02:00" testType="13cdc9d9-ddb5-4fa4-a97d-d965ccfc6d4b" outcome="Passed" testListId="8c84fa94-04c1-424b-9868-57a2d4851a1d" relativeResultsDirectory="2418ea8b-a1d3-458c-ba48-c014489be876" />
    <UnitTestResult executionId="8a3dd1e3-bfd0-464c-bf19-a369ddbd5571" testId="af05363e-f288-ebff-2256-c0bdeff50fb6" testName="InvokeGameCommand_ExecuteNewGameCommand_WhenStateIsNew" computerName="DESKTOP-A038BOA" duration="00:00:00.0070807" startTime="2024-12-16T18:12:43.9946660+02:00" endTime="2024-12-16T18:12:44.0019066+02:00" testType="13cdc9d9-ddb5-4fa4-a97d-d965ccfc6d4b" outcome="Passed" testListId="8c84fa94-04c1-424b-9868-57a2d4851a1d" relativeResultsDirectory="8a3dd1e3-bfd0-464c-bf19-a369ddbd5571" />
  </Results>
  <TestDefinitions>
    <UnitTest name="Move_ThrowArgumentOutOfRangeException_WhenCoordinateCellDoNotExist (0,3)" storage="d:\subjects\7 semester\csad\labs\csad2425ki406zarytskyi07\lab3\client\client.domain.tests\bin\debug\net8.0-windows\client.domain.tests.dll" id="a29013b6-466a-f553-5b29-cbe963bb6c8d">
      <Execution id="e2da19d9-aacb-4459-ac40-f7713d2e4c98" />
      <TestMethod codeBase="D:\Subjects\7 semester\CSAD\Labs\csad2425ki406Zarytskyi07\Lab3\Client\Client.Domain.Tests\bin\Debug\net8.0-windows\Client.Domain.Tests.dll" adapterTypeName="executor://mstestadapter/v2" className="Client.Domain.Tests.GameServiceTests" name="Move_ThrowArgumentOutOfRangeException_WhenCoordinateCellDoNotExist" />
    </UnitTest>
    <UnitTest name="GetServerPort_ReturnConnectedSerialPort_WhenReturnedNeededPort" storage="d:\subjects\7 semester\csad\labs\csad2425ki406zarytskyi07\lab3\client\client.domain.tests\bin\debug\net8.0-windows\client.domain.tests.dll" id="69afdfc5-c59a-c05d-0161-e10db7c81dcd">
      <Execution id="b3665447-7a0b-40f4-ab10-1380de434232" />
      <TestMethod codeBase="D:\Subjects\7 semester\CSAD\Labs\csad2425ki406Zarytskyi07\Lab3\Client\Client.Domain.Tests\bin\Debug\net8.0-windows\Client.Domain.Tests.dll" adapterTypeName="executor://mstestadapter/v2" className="Client.Domain.Tests.GameServiceTests" name="GetServerPort_ReturnConnectedSerialPort_WhenReturnedNeededPort" />
    </UnitTest>
    <UnitTest name="InvokeGameCommand_ExecuteNewGameCommand_WhenStateIsNew" storage="d:\subjects\7 semester\csad\labs\csad2425ki406zarytskyi07\lab3\client\client.domain.tests\bin\debug\net8.0-windows\client.domain.tests.dll" id="af05363e-f288-ebff-2256-c0bdeff50fb6">
      <Execution id="8a3dd1e3-bfd0-464c-bf19-a369ddbd5571" />
      <TestMethod codeBase="D:\Subjects\7 semester\CSAD\Labs\csad2425ki406Zarytskyi07\Lab3\Client\Client.Domain.Tests\bin\Debug\net8.0-windows\Client.Domain.Tests.dll" adapterTypeName="executor://mstestadapter/v2" className="Client.Domain.Tests.GameServiceTests" name="InvokeGameCommand_ExecuteNewGameCommand_WhenStateIsNew" />
    </UnitTest>
    <UnitTest name="Move_ReturnGameState_WhenGameStateUnchanged" storage="d:\subjects\7 semester\csad\labs\csad2425ki406zarytskyi07\lab3\client\client.domain.tests\bin\debug\net8.0-windows\client.domain.tests.dll" id="026537f4-e1b5-9fc9-0296-6ccd1190b5e4">
      <Execution id="dcfe144d-a965-4e61-8d23-9b627f7f93f1" />
      <TestMethod codeBase="D:\Subjects\7 semester\CSAD\Labs\csad2425ki406Zarytskyi07\Lab3\Client\Client.Domain.Tests\bin\Debug\net8.0-windows\Client.Domain.Tests.dll" adapterTypeName="executor://mstestadapter/v2" className="Client.Domain.Tests.GameServiceTests" name="Move_ReturnGameState_WhenGameStateUnchanged" />
    </UnitTest>
    <UnitTest name="GetGameState_ReturnCurentGameState_WhenReturnedNewGameState" storage="d:\subjects\7 semester\csad\labs\csad2425ki406zarytskyi07\lab3\client\client.domain.tests\bin\debug\net8.0-windows\client.domain.tests.dll" id="f22d09ee-806a-9290-39f3-83750233605b">
      <Execution id="07482cc0-4d3e-41ed-9a37-0d7b515b613a" />
      <TestMethod codeBase="D:\Subjects\7 semester\CSAD\Labs\csad2425ki406Zarytskyi07\Lab3\Client\Client.Domain.Tests\bin\Debug\net8.0-windows\Client.Domain.Tests.dll" adapterTypeName="executor://mstestadapter/v2" className="Client.Domain.Tests.GameServiceTests" name="GetGameState_ReturnCurentGameState_WhenReturnedNewGameState" />
    </UnitTest>
    <UnitTest name="Move_ThrowArgumentOutOfRangeException_WhenCoordinateCellDoNotExist (3,3)" storage="d:\subjects\7 semester\csad\labs\csad2425ki406zarytskyi07\lab3\client\client.domain.tests\bin\debug\net8.0-windows\client.domain.tests.dll" id="d0f134f3-ffc5-6045-2be9-fa81030d4a4b">
      <Execution id="b8c92b48-13cc-4fc8-9e4f-5f431a1c3984" />
      <TestMethod codeBase="D:\Subjects\7 semester\CSAD\Labs\csad2425ki406Zarytskyi07\Lab3\Client\Client.Domain.Tests\bin\Debug\net8.0-windows\Client.Domain.Tests.dll" adapterTypeName="executor://mstestadapter/v2" className="Client.Domain.Tests.GameServiceTests" name="Move_ThrowArgumentOutOfRangeException_WhenCoordinateCellDoNotExist" />
    </UnitTest>
    <UnitTest name="InvokeGameCommand_ExecuteLoadGameCommand_WhenCallsLoadMethodAndStateIsPredicted" storage="d:\subjects\7 semester\csad\labs\csad2425ki406zarytskyi07\lab3\client\client.domain.tests\bin\debug\net8.0-windows\client.domain.tests.dll" id="29e367e7-2c2e-e076-dd77-d37380fed57d">
      <Execution id="b4fa946c-f4d3-4711-b1b3-5c1587c14ce6" />
      <TestMethod codeBase="D:\Subjects\7 semester\CSAD\Labs\csad2425ki406Zarytskyi07\Lab3\Client\Client.Domain.Tests\bin\Debug\net8.0-windows\Client.Domain.Tests.dll" adapterTypeName="executor://mstestadapter/v2" className="Client.Domain.Tests.GameServiceTests" name="InvokeGameCommand_ExecuteLoadGameCommand_WhenCallsLoadMethodAndStateIsPredicted" />
    </UnitTest>
    <UnitTest name="Move_MakeMove_WhenBoardChangedPredictably (0,0)" storage="d:\subjects\7 semester\csad\labs\csad2425ki406zarytskyi07\lab3\client\client.domain.tests\bin\debug\net8.0-windows\client.domain.tests.dll" id="2aaab0b5-d002-84de-6a25-54aa1d300e4f">
      <Execution id="0d51f621-16c9-4ccc-92cc-17a27e2f87b3" />
      <TestMethod codeBase="D:\Subjects\7 semester\CSAD\Labs\csad2425ki406Zarytskyi07\Lab3\Client\Client.Domain.Tests\bin\Debug\net8.0-windows\Client.Domain.Tests.dll" adapterTypeName="executor://mstestadapter/v2" className="Client.Domain.Tests.GameServiceTests" name="Move_MakeMove_WhenBoardChangedPredictably" />
    </UnitTest>
    <UnitTest name="Move_ThrowArgumentOutOfRangeException_WhenCoordinateCellDoNotExist (-1,-1)" storage="d:\subjects\7 semester\csad\labs\csad2425ki406zarytskyi07\lab3\client\client.domain.tests\bin\debug\net8.0-windows\client.domain.tests.dll" id="e5b62b0e-9bf6-a409-615d-6678b3e0707a">
      <Execution id="5d80cc6e-9165-4214-8f0d-ba2334122128" />
      <TestMethod codeBase="D:\Subjects\7 semester\CSAD\Labs\csad2425ki406Zarytskyi07\Lab3\Client\Client.Domain.Tests\bin\Debug\net8.0-windows\Client.Domain.Tests.dll" adapterTypeName="executor://mstestadapter/v2" className="Client.Domain.Tests.GameServiceTests" name="Move_ThrowArgumentOutOfRangeException_WhenCoordinateCellDoNotExist" />
    </UnitTest>
    <UnitTest name="Move_ThrowArgumentOutOfRangeException_WhenCoordinateCellDoNotExist (0,-1)" storage="d:\subjects\7 semester\csad\labs\csad2425ki406zarytskyi07\lab3\client\client.domain.tests\bin\debug\net8.0-windows\client.domain.tests.dll" id="133b6814-54e3-6526-6b14-688839d4c821">
      <Execution id="2418ea8b-a1d3-458c-ba48-c014489be876" />
      <TestMethod codeBase="D:\Subjects\7 semester\CSAD\Labs\csad2425ki406Zarytskyi07\Lab3\Client\Client.Domain.Tests\bin\Debug\net8.0-windows\Client.Domain.Tests.dll" adapterTypeName="executor://mstestadapter/v2" className="Client.Domain.Tests.GameServiceTests" name="Move_ThrowArgumentOutOfRangeException_WhenCoordinateCellDoNotExist" />
    </UnitTest>
    <UnitTest name="Constructor_ThrowArgumentNullException_WhenArgumentsAreNull" storage="d:\subjects\7 semester\csad\labs\csad2425ki406zarytskyi07\lab3\client\client.domain.tests\bin\debug\net8.0-windows\client.domain.tests.dll" id="64e714d6-22a4-041c-7de1-a44502c6950b">
      <Execution id="f34f9adc-0303-4fa7-8d6b-6dd8cddc9c6e" />
      <TestMethod codeBase="D:\Subjects\7 semester\CSAD\Labs\csad2425ki406Zarytskyi07\Lab3\Client\Client.Domain.Tests\bin\Debug\net8.0-windows\Client.Domain.Tests.dll" adapterTypeName="executor://mstestadapter/v2" className="Client.Domain.Tests.GameServiceTests" name="Constructor_ThrowArgumentNullException_WhenArgumentsAreNull" />
    </UnitTest>
    <UnitTest name="Move_ThrowArgumentOutOfRangeException_WhenCoordinateCellDoNotExist (-1,0)" storage="d:\subjects\7 semester\csad\labs\csad2425ki406zarytskyi07\lab3\client\client.domain.tests\bin\debug\net8.0-windows\client.domain.tests.dll" id="49c317ce-73eb-2c44-1d5b-f8d9fd923abf">
      <Execution id="72ebfe53-172b-497c-ad7b-5cf3d6fa8796" />
      <TestMethod codeBase="D:\Subjects\7 semester\CSAD\Labs\csad2425ki406Zarytskyi07\Lab3\Client\Client.Domain.Tests\bin\Debug\net8.0-windows\Client.Domain.Tests.dll" adapterTypeName="executor://mstestadapter/v2" className="Client.Domain.Tests.GameServiceTests" name="Move_ThrowArgumentOutOfRangeException_WhenCoordinateCellDoNotExist" />
    </UnitTest>
    <UnitTest name="Move_ThrowArgumentOutOfRangeException_WhenCoordinateCellDoNotExist (3,0)" storage="d:\subjects\7 semester\csad\labs\csad2425ki406zarytskyi07\lab3\client\client.domain.tests\bin\debug\net8.0-windows\client.domain.tests.dll" id="5a7001ee-1e75-0e93-3d6f-d538a3fd810d">
      <Execution id="dbbd30fc-712f-43d3-8d88-90faba270fbf" />
      <TestMethod codeBase="D:\Subjects\7 semester\CSAD\Labs\csad2425ki406Zarytskyi07\Lab3\Client\Client.Domain.Tests\bin\Debug\net8.0-windows\Client.Domain.Tests.dll" adapterTypeName="executor://mstestadapter/v2" className="Client.Domain.Tests.GameServiceTests" name="Move_ThrowArgumentOutOfRangeException_WhenCoordinateCellDoNotExist" />
    </UnitTest>
    <UnitTest name="SaveGameCommand_ExecuteSaveGameCommand_WhenCallsSaveMethodWithGameState" storage="d:\subjects\7 semester\csad\labs\csad2425ki406zarytskyi07\lab3\client\client.domain.tests\bin\debug\net8.0-windows\client.domain.tests.dll" id="116e8b0b-0d0d-214d-dae8-8284b0612d51">
      <Execution id="f596d912-47e8-4340-a549-bd9edc148216" />
      <TestMethod codeBase="D:\Subjects\7 semester\CSAD\Labs\csad2425ki406Zarytskyi07\Lab3\Client\Client.Domain.Tests\bin\Debug\net8.0-windows\Client.Domain.Tests.dll" adapterTypeName="executor://mstestadapter/v2" className="Client.Domain.Tests.GameServiceTests" name="SaveGameCommand_ExecuteSaveGameCommand_WhenCallsSaveMethodWithGameState" />
    </UnitTest>
  </TestDefinitions>
  <TestEntries>
    <TestEntry testId="f22d09ee-806a-9290-39f3-83750233605b" executionId="07482cc0-4d3e-41ed-9a37-0d7b515b613a" testListId="8c84fa94-04c1-424b-9868-57a2d4851a1d" />
    <TestEntry testId="116e8b0b-0d0d-214d-dae8-8284b0612d51" executionId="f596d912-47e8-4340-a549-bd9edc148216" testListId="8c84fa94-04c1-424b-9868-57a2d4851a1d" />
    <TestEntry testId="5a7001ee-1e75-0e93-3d6f-d538a3fd810d" executionId="dbbd30fc-712f-43d3-8d88-90faba270fbf" testListId="8c84fa94-04c1-424b-9868-57a2d4851a1d" />
    <TestEntry testId="29e367e7-2c2e-e076-dd77-d37380fed57d" executionId="b4fa946c-f4d3-4711-b1b3-5c1587c14ce6" testListId="8c84fa94-04c1-424b-9868-57a2d4851a1d" />
    <TestEntry testId="d0f134f3-ffc5-6045-2be9-fa81030d4a4b" executionId="b8c92b48-13cc-4fc8-9e4f-5f431a1c3984" testListId="8c84fa94-04c1-424b-9868-57a2d4851a1d" />
    <TestEntry testId="64e714d6-22a4-041c-7de1-a44502c6950b" executionId="f34f9adc-0303-4fa7-8d6b-6dd8cddc9c6e" testListId="8c84fa94-04c1-424b-9868-57a2d4851a1d" />
    <TestEntry testId="69afdfc5-c59a-c05d-0161-e10db7c81dcd" executionId="b3665447-7a0b-40f4-ab10-1380de434232" testListId="8c84fa94-04c1-424b-9868-57a2d4851a1d" />
    <TestEntry testId="e5b62b0e-9bf6-a409-615d-6678b3e0707a" executionId="5d80cc6e-9165-4214-8f0d-ba2334122128" testListId="8c84fa94-04c1-424b-9868-57a2d4851a1d" />
    <TestEntry testId="49c317ce-73eb-2c44-1d5b-f8d9fd923abf" executionId="72ebfe53-172b-497c-ad7b-5cf3d6fa8796" testListId="8c84fa94-04c1-424b-9868-57a2d4851a1d" />
    <TestEntry testId="a29013b6-466a-f553-5b29-cbe963bb6c8d" executionId="e2da19d9-aacb-4459-ac40-f7713d2e4c98" testListId="8c84fa94-04c1-424b-9868-57a2d4851a1d" />
    <TestEntry testId="2aaab0b5-d002-84de-6a25-54aa1d300e4f" executionId="0d51f621-16c9-4ccc-92cc-17a27e2f87b3" testListId="8c84fa94-04c1-424b-9868-57a2d4851a1d" />
    <TestEntry testId="026537f4-e1b5-9fc9-0296-6ccd1190b5e4" executionId="dcfe144d-a965-4e61-8d23-9b627f7f93f1" testListId="8c84fa94-04c1-424b-9868-57a2d4851a1d" />
    <TestEntry testId="133b6814-54e3-6526-6b14-688839d4c821" executionId="2418ea8b-a1d3-458c-ba48-c014489be876" testListId="8c84fa94-04c1-424b-9868-57a2d4851a1d" />
    <TestEntry testId="af05363e-f288-ebff-2256-c0bdeff50fb6" executionId="8a3dd1e3-bfd0-464c-bf19-a369ddbd5571" testListId="8c84fa94-04c1-424b-9868-57a2d4851a1d" />
  </TestEntries>
  <TestLists>
    <TestList name="Results Not in a List" id="8c84fa94-04c1-424b-9868-57a2d4851a1d" />
    <TestList name="All Loaded Results" id="19431567-8539-422a-85d7-44ee4e166bda" />
  </TestLists>
  <ResultSummary outcome="Completed">
    <Counters total="14" executed="14" passed="14" failed="0" error="0" timeout="0" aborted="0" inconclusive="0" passedButRunAborted="0" notRunnable="0" notExecuted="0" disconnected="0" warning="0" completed="0" inProgress="0" pending="0" />
  </ResultSummary>
</TestRun>