<?xml version="1.0" encoding="utf-8"?>
<TestRun id="c05f813c-d591-465d-bcac-5adf7d1a9284" name="Yaroslav@DESKTOP-A038BOA 2024-12-15 17:48:39" runUser="DESKTOP-A038BOA\Yaroslav" xmlns="http://microsoft.com/schemas/VisualStudio/TeamTest/2010">
  <Times creation="2024-12-15T17:48:39.4656915+02:00" queuing="2024-12-15T17:48:39.4656917+02:00" start="2024-12-15T17:48:35.0651542+02:00" finish="2024-12-15T17:48:39.4901168+02:00" />
  <TestSettings name="default" id="1d912445-1735-4ac7-acda-7e4e6ef346b4">
    <Deployment runDeploymentRoot="Yaroslav_DESKTOP-A038BOA_2024-12-15_17_48_39" />
  </TestSettings>
  <Results>
    <UnitTestResult executionId="df3f1e8f-696d-49db-8fe2-815cfa85648e" testId="49c317ce-73eb-2c44-1d5b-f8d9fd923abf" testName="Move_ThrowArgumentOutOfRangeException_WhenCoordinateCellDoNotExist (-1,0)" computerName="DESKTOP-A038BOA" duration="00:00:00.0003214" startTime="2024-12-15T17:48:39.4448622+02:00" endTime="2024-12-15T17:48:39.4480486+02:00" testType="13cdc9d9-ddb5-4fa4-a97d-d965ccfc6d4b" outcome="Passed" testListId="8c84fa94-04c1-424b-9868-57a2d4851a1d" relativeResultsDirectory="df3f1e8f-696d-49db-8fe2-815cfa85648e" />
    <UnitTestResult executionId="c09ea3b7-2c1c-4ace-af81-74b50d2a536c" testId="f22d09ee-806a-9290-39f3-83750233605b" testName="GetGameState_ReturnCurentGameState_WhenReturnedNewGameState" computerName="DESKTOP-A038BOA" duration="00:00:00.0001082" startTime="2024-12-15T17:48:39.4443081+02:00" endTime="2024-12-15T17:48:39.4444679+02:00" testType="13cdc9d9-ddb5-4fa4-a97d-d965ccfc6d4b" outcome="Passed" testListId="8c84fa94-04c1-424b-9868-57a2d4851a1d" relativeResultsDirectory="c09ea3b7-2c1c-4ace-af81-74b50d2a536c" />
    <UnitTestResult executionId="3b550ae2-9d55-44f4-8eb2-20c052f222fd" testId="64e714d6-22a4-041c-7de1-a44502c6950b" testName="Constructor_ThrowArgumentNullException_WhenArgumentsAreNull" computerName="DESKTOP-A038BOA" duration="00:00:00.7199832" startTime="2024-12-15T17:48:38.6963406+02:00" endTime="2024-12-15T17:48:39.4227772+02:00" testType="13cdc9d9-ddb5-4fa4-a97d-d965ccfc6d4b" outcome="Passed" testListId="8c84fa94-04c1-424b-9868-57a2d4851a1d" relativeResultsDirectory="3b550ae2-9d55-44f4-8eb2-20c052f222fd" />
    <UnitTestResult executionId="2612c44f-01fc-4359-8c3d-77cd04f3865f" testId="69afdfc5-c59a-c05d-0161-e10db7c81dcd" testName="GetServerPort_ReturnConnectedSerialPort_WhenReturnedNeededPort" computerName="DESKTOP-A038BOA" duration="00:00:00.0064225" startTime="2024-12-15T17:48:39.4377896+02:00" endTime="2024-12-15T17:48:39.4442792+02:00" testType="13cdc9d9-ddb5-4fa4-a97d-d965ccfc6d4b" outcome="Passed" testListId="8c84fa94-04c1-424b-9868-57a2d4851a1d" relativeResultsDirectory="2612c44f-01fc-4359-8c3d-77cd04f3865f" />
    <UnitTestResult executionId="6209c52c-f801-402b-b22d-4d2415d6430d" testId="af05363e-f288-ebff-2256-c0bdeff50fb6" testName="InvokeGameCommand_ExecuteNewGameCommand_WhenStateIsNew" computerName="DESKTOP-A038BOA" duration="00:00:00.0068110" startTime="2024-12-15T17:48:39.4252164+02:00" endTime="2024-12-15T17:48:39.4321825+02:00" testType="13cdc9d9-ddb5-4fa4-a97d-d965ccfc6d4b" outcome="Passed" testListId="8c84fa94-04c1-424b-9868-57a2d4851a1d" relativeResultsDirectory="6209c52c-f801-402b-b22d-4d2415d6430d" />
    <UnitTestResult executionId="c3cbb3f3-d7ff-424b-beb2-84e6e9ebe8e0" testId="a29013b6-466a-f553-5b29-cbe963bb6c8d" testName="Move_ThrowArgumentOutOfRangeException_WhenCoordinateCellDoNotExist (0,3)" computerName="DESKTOP-A038BOA" duration="00:00:00.0000568" startTime="2024-12-15T17:48:39.4546516+02:00" endTime="2024-12-15T17:48:39.4547651+02:00" testType="13cdc9d9-ddb5-4fa4-a97d-d965ccfc6d4b" outcome="Passed" testListId="8c84fa94-04c1-424b-9868-57a2d4851a1d" relativeResultsDirectory="c3cbb3f3-d7ff-424b-beb2-84e6e9ebe8e0" />
    <UnitTestResult executionId="34be8c93-aa8b-42bf-a089-737fb6173598" testId="133b6814-54e3-6526-6b14-688839d4c821" testName="Move_ThrowArgumentOutOfRangeException_WhenCoordinateCellDoNotExist (0,-1)" computerName="DESKTOP-A038BOA" duration="00:00:00.0002330" startTime="2024-12-15T17:48:39.4480769+02:00" endTime="2024-12-15T17:48:39.4484163+02:00" testType="13cdc9d9-ddb5-4fa4-a97d-d965ccfc6d4b" outcome="Passed" testListId="8c84fa94-04c1-424b-9868-57a2d4851a1d" relativeResultsDirectory="34be8c93-aa8b-42bf-a089-737fb6173598" />
    <UnitTestResult executionId="7652b897-bfc9-4ee2-83dd-1e6067c10790" testId="116e8b0b-0d0d-214d-dae8-8284b0612d51" testName="SaveGameCommand_ExecuteSaveGameCommand_WhenCallsSaveMethodWithGameState" computerName="DESKTOP-A038BOA" duration="00:00:00.0018865" startTime="2024-12-15T17:48:39.4357868+02:00" endTime="2024-12-15T17:48:39.4377600+02:00" testType="13cdc9d9-ddb5-4fa4-a97d-d965ccfc6d4b" outcome="Passed" testListId="8c84fa94-04c1-424b-9868-57a2d4851a1d" relativeResultsDirectory="7652b897-bfc9-4ee2-83dd-1e6067c10790" />
    <UnitTestResult executionId="56789555-8bda-4504-b1dd-e1e9796a734e" testId="2aaab0b5-d002-84de-6a25-54aa1d300e4f" testName="Move_MakeMove_WhenBoardChangedPredictably (0,0)" computerName="DESKTOP-A038BOA" duration="00:00:00.0015085" startTime="2024-12-15T17:48:39.4549243+02:00" endTime="2024-12-15T17:48:39.4569113+02:00" testType="13cdc9d9-ddb5-4fa4-a97d-d965ccfc6d4b" outcome="Passed" testListId="8c84fa94-04c1-424b-9868-57a2d4851a1d" relativeResultsDirectory="56789555-8bda-4504-b1dd-e1e9796a734e" />
    <UnitTestResult executionId="3f5425d0-505b-450a-ac22-535c97d5d57f" testId="d0f134f3-ffc5-6045-2be9-fa81030d4a4b" testName="Move_ThrowArgumentOutOfRangeException_WhenCoordinateCellDoNotExist (3,3)" computerName="DESKTOP-A038BOA" duration="00:00:00.0000673" startTime="2024-12-15T17:48:39.4547852+02:00" endTime="2024-12-15T17:48:39.4549114+02:00" testType="13cdc9d9-ddb5-4fa4-a97d-d965ccfc6d4b" outcome="Passed" testListId="8c84fa94-04c1-424b-9868-57a2d4851a1d" relativeResultsDirectory="3f5425d0-505b-450a-ac22-535c97d5d57f" />
    <UnitTestResult executionId="52e75d9f-c3c2-4ac8-906e-eac345b0cd53" testId="29e367e7-2c2e-e076-dd77-d37380fed57d" testName="InvokeGameCommand_ExecuteLoadGameCommand_WhenCallsLoadMethodAndStateIsPredicted" computerName="DESKTOP-A038BOA" duration="00:00:00.0032971" startTime="2024-12-15T17:48:39.4323604+02:00" endTime="2024-12-15T17:48:39.4357541+02:00" testType="13cdc9d9-ddb5-4fa4-a97d-d965ccfc6d4b" outcome="Passed" testListId="8c84fa94-04c1-424b-9868-57a2d4851a1d" relativeResultsDirectory="52e75d9f-c3c2-4ac8-906e-eac345b0cd53" />
    <UnitTestResult executionId="940e4df8-6dd7-48d1-b9ab-6e348114816a" testId="026537f4-e1b5-9fc9-0296-6ccd1190b5e4" testName="Move_ReturnGameState_WhenGameStateUnchanged" computerName="DESKTOP-A038BOA" duration="00:00:00.0002993" startTime="2024-12-15T17:48:39.4444857+02:00" endTime="2024-12-15T17:48:39.4448337+02:00" testType="13cdc9d9-ddb5-4fa4-a97d-d965ccfc6d4b" outcome="Passed" testListId="8c84fa94-04c1-424b-9868-57a2d4851a1d" relativeResultsDirectory="940e4df8-6dd7-48d1-b9ab-6e348114816a" />
    <UnitTestResult executionId="f187f49f-7ab3-48ed-ba61-728750436b5c" testId="e5b62b0e-9bf6-a409-615d-6678b3e0707a" testName="Move_ThrowArgumentOutOfRangeException_WhenCoordinateCellDoNotExist (-1,-1)" computerName="DESKTOP-A038BOA" duration="00:00:00.0000867" startTime="2024-12-15T17:48:39.4543183+02:00" endTime="2024-12-15T17:48:39.4544989+02:00" testType="13cdc9d9-ddb5-4fa4-a97d-d965ccfc6d4b" outcome="Passed" testListId="8c84fa94-04c1-424b-9868-57a2d4851a1d" relativeResultsDirectory="f187f49f-7ab3-48ed-ba61-728750436b5c" />
    <UnitTestResult executionId="b025081f-da03-4269-b164-b45e44ebb5ac" testId="5a7001ee-1e75-0e93-3d6f-d538a3fd810d" testName="Move_ThrowArgumentOutOfRangeException_WhenCoordinateCellDoNotExist (3,0)" computerName="DESKTOP-A038BOA" duration="00:00:00.0000543" startTime="2024-12-15T17:48:39.4545256+02:00" endTime="2024-12-15T17:48:39.4546381+02:00" testType="13cdc9d9-ddb5-4fa4-a97d-d965ccfc6d4b" outcome="Passed" testListId="8c84fa94-04c1-424b-9868-57a2d4851a1d" relativeResultsDirectory="b025081f-da03-4269-b164-b45e44ebb5ac" />
  </Results>
  <TestDefinitions>
    <UnitTest name="Move_ThrowArgumentOutOfRangeException_WhenCoordinateCellDoNotExist (0,3)" storage="d:\subjects\7 semester\csad\labs\csad2425ki406zarytskyi07\lab3\client\client.domain.tests\bin\debug\net8.0-windows\client.domain.tests.dll" id="a29013b6-466a-f553-5b29-cbe963bb6c8d">
      <Execution id="c3cbb3f3-d7ff-424b-beb2-84e6e9ebe8e0" />
      <TestMethod codeBase="D:\Subjects\7 semester\CSAD\Labs\csad2425ki406Zarytskyi07\Lab3\Client\Client.Domain.Tests\bin\Debug\net8.0-windows\Client.Domain.Tests.dll" adapterTypeName="executor://mstestadapter/v2" className="Client.Domain.Tests.GameServiceTests" name="Move_ThrowArgumentOutOfRangeException_WhenCoordinateCellDoNotExist" />
    </UnitTest>
    <UnitTest name="GetServerPort_ReturnConnectedSerialPort_WhenReturnedNeededPort" storage="d:\subjects\7 semester\csad\labs\csad2425ki406zarytskyi07\lab3\client\client.domain.tests\bin\debug\net8.0-windows\client.domain.tests.dll" id="69afdfc5-c59a-c05d-0161-e10db7c81dcd">
      <Execution id="2612c44f-01fc-4359-8c3d-77cd04f3865f" />
      <TestMethod codeBase="D:\Subjects\7 semester\CSAD\Labs\csad2425ki406Zarytskyi07\Lab3\Client\Client.Domain.Tests\bin\Debug\net8.0-windows\Client.Domain.Tests.dll" adapterTypeName="executor://mstestadapter/v2" className="Client.Domain.Tests.GameServiceTests" name="GetServerPort_ReturnConnectedSerialPort_WhenReturnedNeededPort" />
    </UnitTest>
    <UnitTest name="InvokeGameCommand_ExecuteNewGameCommand_WhenStateIsNew" storage="d:\subjects\7 semester\csad\labs\csad2425ki406zarytskyi07\lab3\client\client.domain.tests\bin\debug\net8.0-windows\client.domain.tests.dll" id="af05363e-f288-ebff-2256-c0bdeff50fb6">
      <Execution id="6209c52c-f801-402b-b22d-4d2415d6430d" />
      <TestMethod codeBase="D:\Subjects\7 semester\CSAD\Labs\csad2425ki406Zarytskyi07\Lab3\Client\Client.Domain.Tests\bin\Debug\net8.0-windows\Client.Domain.Tests.dll" adapterTypeName="executor://mstestadapter/v2" className="Client.Domain.Tests.GameServiceTests" name="InvokeGameCommand_ExecuteNewGameCommand_WhenStateIsNew" />
    </UnitTest>
    <UnitTest name="Move_ReturnGameState_WhenGameStateUnchanged" storage="d:\subjects\7 semester\csad\labs\csad2425ki406zarytskyi07\lab3\client\client.domain.tests\bin\debug\net8.0-windows\client.domain.tests.dll" id="026537f4-e1b5-9fc9-0296-6ccd1190b5e4">
      <Execution id="940e4df8-6dd7-48d1-b9ab-6e348114816a" />
      <TestMethod codeBase="D:\Subjects\7 semester\CSAD\Labs\csad2425ki406Zarytskyi07\Lab3\Client\Client.Domain.Tests\bin\Debug\net8.0-windows\Client.Domain.Tests.dll" adapterTypeName="executor://mstestadapter/v2" className="Client.Domain.Tests.GameServiceTests" name="Move_ReturnGameState_WhenGameStateUnchanged" />
    </UnitTest>
    <UnitTest name="GetGameState_ReturnCurentGameState_WhenReturnedNewGameState" storage="d:\subjects\7 semester\csad\labs\csad2425ki406zarytskyi07\lab3\client\client.domain.tests\bin\debug\net8.0-windows\client.domain.tests.dll" id="f22d09ee-806a-9290-39f3-83750233605b">
      <Execution id="c09ea3b7-2c1c-4ace-af81-74b50d2a536c" />
      <TestMethod codeBase="D:\Subjects\7 semester\CSAD\Labs\csad2425ki406Zarytskyi07\Lab3\Client\Client.Domain.Tests\bin\Debug\net8.0-windows\Client.Domain.Tests.dll" adapterTypeName="executor://mstestadapter/v2" className="Client.Domain.Tests.GameServiceTests" name="GetGameState_ReturnCurentGameState_WhenReturnedNewGameState" />
    </UnitTest>
    <UnitTest name="Move_ThrowArgumentOutOfRangeException_WhenCoordinateCellDoNotExist (3,3)" storage="d:\subjects\7 semester\csad\labs\csad2425ki406zarytskyi07\lab3\client\client.domain.tests\bin\debug\net8.0-windows\client.domain.tests.dll" id="d0f134f3-ffc5-6045-2be9-fa81030d4a4b">
      <Execution id="3f5425d0-505b-450a-ac22-535c97d5d57f" />
      <TestMethod codeBase="D:\Subjects\7 semester\CSAD\Labs\csad2425ki406Zarytskyi07\Lab3\Client\Client.Domain.Tests\bin\Debug\net8.0-windows\Client.Domain.Tests.dll" adapterTypeName="executor://mstestadapter/v2" className="Client.Domain.Tests.GameServiceTests" name="Move_ThrowArgumentOutOfRangeException_WhenCoordinateCellDoNotExist" />
    </UnitTest>
    <UnitTest name="InvokeGameCommand_ExecuteLoadGameCommand_WhenCallsLoadMethodAndStateIsPredicted" storage="d:\subjects\7 semester\csad\labs\csad2425ki406zarytskyi07\lab3\client\client.domain.tests\bin\debug\net8.0-windows\client.domain.tests.dll" id="29e367e7-2c2e-e076-dd77-d37380fed57d">
      <Execution id="52e75d9f-c3c2-4ac8-906e-eac345b0cd53" />
      <TestMethod codeBase="D:\Subjects\7 semester\CSAD\Labs\csad2425ki406Zarytskyi07\Lab3\Client\Client.Domain.Tests\bin\Debug\net8.0-windows\Client.Domain.Tests.dll" adapterTypeName="executor://mstestadapter/v2" className="Client.Domain.Tests.GameServiceTests" name="InvokeGameCommand_ExecuteLoadGameCommand_WhenCallsLoadMethodAndStateIsPredicted" />
    </UnitTest>
    <UnitTest name="Move_MakeMove_WhenBoardChangedPredictably (0,0)" storage="d:\subjects\7 semester\csad\labs\csad2425ki406zarytskyi07\lab3\client\client.domain.tests\bin\debug\net8.0-windows\client.domain.tests.dll" id="2aaab0b5-d002-84de-6a25-54aa1d300e4f">
      <Execution id="56789555-8bda-4504-b1dd-e1e9796a734e" />
      <TestMethod codeBase="D:\Subjects\7 semester\CSAD\Labs\csad2425ki406Zarytskyi07\Lab3\Client\Client.Domain.Tests\bin\Debug\net8.0-windows\Client.Domain.Tests.dll" adapterTypeName="executor://mstestadapter/v2" className="Client.Domain.Tests.GameServiceTests" name="Move_MakeMove_WhenBoardChangedPredictably" />
    </UnitTest>
    <UnitTest name="Move_ThrowArgumentOutOfRangeException_WhenCoordinateCellDoNotExist (-1,-1)" storage="d:\subjects\7 semester\csad\labs\csad2425ki406zarytskyi07\lab3\client\client.domain.tests\bin\debug\net8.0-windows\client.domain.tests.dll" id="e5b62b0e-9bf6-a409-615d-6678b3e0707a">
      <Execution id="f187f49f-7ab3-48ed-ba61-728750436b5c" />
      <TestMethod codeBase="D:\Subjects\7 semester\CSAD\Labs\csad2425ki406Zarytskyi07\Lab3\Client\Client.Domain.Tests\bin\Debug\net8.0-windows\Client.Domain.Tests.dll" adapterTypeName="executor://mstestadapter/v2" className="Client.Domain.Tests.GameServiceTests" name="Move_ThrowArgumentOutOfRangeException_WhenCoordinateCellDoNotExist" />
    </UnitTest>
    <UnitTest name="Move_ThrowArgumentOutOfRangeException_WhenCoordinateCellDoNotExist (0,-1)" storage="d:\subjects\7 semester\csad\labs\csad2425ki406zarytskyi07\lab3\client\client.domain.tests\bin\debug\net8.0-windows\client.domain.tests.dll" id="133b6814-54e3-6526-6b14-688839d4c821">
      <Execution id="34be8c93-aa8b-42bf-a089-737fb6173598" />
      <TestMethod codeBase="D:\Subjects\7 semester\CSAD\Labs\csad2425ki406Zarytskyi07\Lab3\Client\Client.Domain.Tests\bin\Debug\net8.0-windows\Client.Domain.Tests.dll" adapterTypeName="executor://mstestadapter/v2" className="Client.Domain.Tests.GameServiceTests" name="Move_ThrowArgumentOutOfRangeException_WhenCoordinateCellDoNotExist" />
    </UnitTest>
    <UnitTest name="Constructor_ThrowArgumentNullException_WhenArgumentsAreNull" storage="d:\subjects\7 semester\csad\labs\csad2425ki406zarytskyi07\lab3\client\client.domain.tests\bin\debug\net8.0-windows\client.domain.tests.dll" id="64e714d6-22a4-041c-7de1-a44502c6950b">
      <Execution id="3b550ae2-9d55-44f4-8eb2-20c052f222fd" />
      <TestMethod codeBase="D:\Subjects\7 semester\CSAD\Labs\csad2425ki406Zarytskyi07\Lab3\Client\Client.Domain.Tests\bin\Debug\net8.0-windows\Client.Domain.Tests.dll" adapterTypeName="executor://mstestadapter/v2" className="Client.Domain.Tests.GameServiceTests" name="Constructor_ThrowArgumentNullException_WhenArgumentsAreNull" />
    </UnitTest>
    <UnitTest name="Move_ThrowArgumentOutOfRangeException_WhenCoordinateCellDoNotExist (-1,0)" storage="d:\subjects\7 semester\csad\labs\csad2425ki406zarytskyi07\lab3\client\client.domain.tests\bin\debug\net8.0-windows\client.domain.tests.dll" id="49c317ce-73eb-2c44-1d5b-f8d9fd923abf">
      <Execution id="df3f1e8f-696d-49db-8fe2-815cfa85648e" />
      <TestMethod codeBase="D:\Subjects\7 semester\CSAD\Labs\csad2425ki406Zarytskyi07\Lab3\Client\Client.Domain.Tests\bin\Debug\net8.0-windows\Client.Domain.Tests.dll" adapterTypeName="executor://mstestadapter/v2" className="Client.Domain.Tests.GameServiceTests" name="Move_ThrowArgumentOutOfRangeException_WhenCoordinateCellDoNotExist" />
    </UnitTest>
    <UnitTest name="Move_ThrowArgumentOutOfRangeException_WhenCoordinateCellDoNotExist (3,0)" storage="d:\subjects\7 semester\csad\labs\csad2425ki406zarytskyi07\lab3\client\client.domain.tests\bin\debug\net8.0-windows\client.domain.tests.dll" id="5a7001ee-1e75-0e93-3d6f-d538a3fd810d">
      <Execution id="b025081f-da03-4269-b164-b45e44ebb5ac" />
      <TestMethod codeBase="D:\Subjects\7 semester\CSAD\Labs\csad2425ki406Zarytskyi07\Lab3\Client\Client.Domain.Tests\bin\Debug\net8.0-windows\Client.Domain.Tests.dll" adapterTypeName="executor://mstestadapter/v2" className="Client.Domain.Tests.GameServiceTests" name="Move_ThrowArgumentOutOfRangeException_WhenCoordinateCellDoNotExist" />
    </UnitTest>
    <UnitTest name="SaveGameCommand_ExecuteSaveGameCommand_WhenCallsSaveMethodWithGameState" storage="d:\subjects\7 semester\csad\labs\csad2425ki406zarytskyi07\lab3\client\client.domain.tests\bin\debug\net8.0-windows\client.domain.tests.dll" id="116e8b0b-0d0d-214d-dae8-8284b0612d51">
      <Execution id="7652b897-bfc9-4ee2-83dd-1e6067c10790" />
      <TestMethod codeBase="D:\Subjects\7 semester\CSAD\Labs\csad2425ki406Zarytskyi07\Lab3\Client\Client.Domain.Tests\bin\Debug\net8.0-windows\Client.Domain.Tests.dll" adapterTypeName="executor://mstestadapter/v2" className="Client.Domain.Tests.GameServiceTests" name="SaveGameCommand_ExecuteSaveGameCommand_WhenCallsSaveMethodWithGameState" />
    </UnitTest>
  </TestDefinitions>
  <TestEntries>
    <TestEntry testId="49c317ce-73eb-2c44-1d5b-f8d9fd923abf" executionId="df3f1e8f-696d-49db-8fe2-815cfa85648e" testListId="8c84fa94-04c1-424b-9868-57a2d4851a1d" />
    <TestEntry testId="f22d09ee-806a-9290-39f3-83750233605b" executionId="c09ea3b7-2c1c-4ace-af81-74b50d2a536c" testListId="8c84fa94-04c1-424b-9868-57a2d4851a1d" />
    <TestEntry testId="64e714d6-22a4-041c-7de1-a44502c6950b" executionId="3b550ae2-9d55-44f4-8eb2-20c052f222fd" testListId="8c84fa94-04c1-424b-9868-57a2d4851a1d" />
    <TestEntry testId="69afdfc5-c59a-c05d-0161-e10db7c81dcd" executionId="2612c44f-01fc-4359-8c3d-77cd04f3865f" testListId="8c84fa94-04c1-424b-9868-57a2d4851a1d" />
    <TestEntry testId="af05363e-f288-ebff-2256-c0bdeff50fb6" executionId="6209c52c-f801-402b-b22d-4d2415d6430d" testListId="8c84fa94-04c1-424b-9868-57a2d4851a1d" />
    <TestEntry testId="a29013b6-466a-f553-5b29-cbe963bb6c8d" executionId="c3cbb3f3-d7ff-424b-beb2-84e6e9ebe8e0" testListId="8c84fa94-04c1-424b-9868-57a2d4851a1d" />
    <TestEntry testId="133b6814-54e3-6526-6b14-688839d4c821" executionId="34be8c93-aa8b-42bf-a089-737fb6173598" testListId="8c84fa94-04c1-424b-9868-57a2d4851a1d" />
    <TestEntry testId="116e8b0b-0d0d-214d-dae8-8284b0612d51" executionId="7652b897-bfc9-4ee2-83dd-1e6067c10790" testListId="8c84fa94-04c1-424b-9868-57a2d4851a1d" />
    <TestEntry testId="2aaab0b5-d002-84de-6a25-54aa1d300e4f" executionId="56789555-8bda-4504-b1dd-e1e9796a734e" testListId="8c84fa94-04c1-424b-9868-57a2d4851a1d" />
    <TestEntry testId="d0f134f3-ffc5-6045-2be9-fa81030d4a4b" executionId="3f5425d0-505b-450a-ac22-535c97d5d57f" testListId="8c84fa94-04c1-424b-9868-57a2d4851a1d" />
    <TestEntry testId="29e367e7-2c2e-e076-dd77-d37380fed57d" executionId="52e75d9f-c3c2-4ac8-906e-eac345b0cd53" testListId="8c84fa94-04c1-424b-9868-57a2d4851a1d" />
    <TestEntry testId="026537f4-e1b5-9fc9-0296-6ccd1190b5e4" executionId="940e4df8-6dd7-48d1-b9ab-6e348114816a" testListId="8c84fa94-04c1-424b-9868-57a2d4851a1d" />
    <TestEntry testId="e5b62b0e-9bf6-a409-615d-6678b3e0707a" executionId="f187f49f-7ab3-48ed-ba61-728750436b5c" testListId="8c84fa94-04c1-424b-9868-57a2d4851a1d" />
    <TestEntry testId="5a7001ee-1e75-0e93-3d6f-d538a3fd810d" executionId="b025081f-da03-4269-b164-b45e44ebb5ac" testListId="8c84fa94-04c1-424b-9868-57a2d4851a1d" />
  </TestEntries>
  <TestLists>
    <TestList name="Results Not in a List" id="8c84fa94-04c1-424b-9868-57a2d4851a1d" />
    <TestList name="All Loaded Results" id="19431567-8539-422a-85d7-44ee4e166bda" />
  </TestLists>
  <ResultSummary outcome="Completed">
    <Counters total="14" executed="14" passed="14" failed="0" error="0" timeout="0" aborted="0" inconclusive="0" passedButRunAborted="0" notRunnable="0" notExecuted="0" disconnected="0" warning="0" completed="0" inProgress="0" pending="0" />
  </ResultSummary>
</TestRun>