<?xml version="1.0" encoding="utf-8"?>
<TestRun id="48d1a371-53cc-466e-b8f5-d9ea3980adbb" name="Yaroslav@DESKTOP-A038BOA 2024-12-14 22:50:04" runUser="DESKTOP-A038BOA\Yaroslav" xmlns="http://microsoft.com/schemas/VisualStudio/TeamTest/2010">
  <Times creation="2024-12-14T22:50:04.0818401+02:00" queuing="2024-12-14T22:50:04.0818402+02:00" start="2024-12-14T22:50:03.6678306+02:00" finish="2024-12-14T22:50:04.1032516+02:00" />
  <TestSettings name="default" id="a2cd8e0d-13f2-4797-81aa-d8a9a3a944d5">
    <Deployment runDeploymentRoot="Yaroslav_DESKTOP-A038BOA_2024-12-14_22_50_04" />
  </TestSettings>
  <Results>
    <UnitTestResult executionId="9e898e74-11ff-4f8c-aa4b-5dc6343b22b1" testId="f22d09ee-806a-9290-39f3-83750233605b" testName="GetGameState_ReturnCurentGameState_WhenReturnedNewGameState" computerName="DESKTOP-A038BOA" duration="00:00:00.0001061" startTime="2024-12-14T22:50:04.0249846+02:00" endTime="2024-12-14T22:50:04.0251351+02:00" testType="13cdc9d9-ddb5-4fa4-a97d-d965ccfc6d4b" outcome="Passed" testListId="8c84fa94-04c1-424b-9868-57a2d4851a1d" relativeResultsDirectory="9e898e74-11ff-4f8c-aa4b-5dc6343b22b1" />
    <UnitTestResult executionId="fae1c35c-1376-4156-92ce-762c498bd5eb" testId="29e367e7-2c2e-e076-dd77-d37380fed57d" testName="InvokeGameCommand_ExecuteLoadGameCommand_WhenCallsLoadMethodAndStateIsPredicted" computerName="DESKTOP-A038BOA" duration="00:00:00.0033347" startTime="2024-12-14T22:50:04.0130373+02:00" endTime="2024-12-14T22:50:04.0164481+02:00" testType="13cdc9d9-ddb5-4fa4-a97d-d965ccfc6d4b" outcome="Passed" testListId="8c84fa94-04c1-424b-9868-57a2d4851a1d" relativeResultsDirectory="fae1c35c-1376-4156-92ce-762c498bd5eb" />
    <UnitTestResult executionId="c75d34dc-aa6a-4106-bf69-c58d45883bdc" testId="69afdfc5-c59a-c05d-0161-e10db7c81dcd" testName="GetServerPort_ReturnConnectedSerialPort_WhenReturnedNeededPort" computerName="DESKTOP-A038BOA" duration="00:00:00.0065263" startTime="2024-12-14T22:50:04.0183738+02:00" endTime="2024-12-14T22:50:04.0249582+02:00" testType="13cdc9d9-ddb5-4fa4-a97d-d965ccfc6d4b" outcome="Passed" testListId="8c84fa94-04c1-424b-9868-57a2d4851a1d" relativeResultsDirectory="c75d34dc-aa6a-4106-bf69-c58d45883bdc" />
    <UnitTestResult executionId="c1f7f580-1c98-4d71-95fb-947db0f8e6fe" testId="026537f4-e1b5-9fc9-0296-6ccd1190b5e4" testName="Move_ReturnGameState_WhenGameStateUnchanged" computerName="DESKTOP-A038BOA" duration="00:00:00.0003037" startTime="2024-12-14T22:50:04.0251496+02:00" endTime="2024-12-14T22:50:04.0254948+02:00" testType="13cdc9d9-ddb5-4fa4-a97d-d965ccfc6d4b" outcome="Passed" testListId="8c84fa94-04c1-424b-9868-57a2d4851a1d" relativeResultsDirectory="c1f7f580-1c98-4d71-95fb-947db0f8e6fe" />
    <UnitTestResult executionId="9cdbd943-3e3c-48c7-80a7-77b91afea7fb" testId="64e714d6-22a4-041c-7de1-a44502c6950b" testName="Constructor_ThrowArgumentNullException_WhenArgumentsAreNull" computerName="DESKTOP-A038BOA" duration="00:00:00.0499999" startTime="2024-12-14T22:50:03.9459009+02:00" endTime="2024-12-14T22:50:04.0029668+02:00" testType="13cdc9d9-ddb5-4fa4-a97d-d965ccfc6d4b" outcome="Passed" testListId="8c84fa94-04c1-424b-9868-57a2d4851a1d" relativeResultsDirectory="9cdbd943-3e3c-48c7-80a7-77b91afea7fb" />
    <UnitTestResult executionId="e0894258-84ef-4e71-8b4f-2a784b630758" testId="116e8b0b-0d0d-214d-dae8-8284b0612d51" testName="SaveGameCommand_ExecuteSaveGameCommand_WhenCallsSaveMethodWithGameState" computerName="DESKTOP-A038BOA" duration="00:00:00.0018053" startTime="2024-12-14T22:50:04.0164705+02:00" endTime="2024-12-14T22:50:04.0183317+02:00" testType="13cdc9d9-ddb5-4fa4-a97d-d965ccfc6d4b" outcome="Passed" testListId="8c84fa94-04c1-424b-9868-57a2d4851a1d" relativeResultsDirectory="e0894258-84ef-4e71-8b4f-2a784b630758" />
    <UnitTestResult executionId="198e376e-1ab3-4a60-8634-01d3fff943b6" testId="af05363e-f288-ebff-2256-c0bdeff50fb6" testName="InvokeGameCommand_ExecuteNewGameCommand_WhenStateIsNew" computerName="DESKTOP-A038BOA" duration="00:00:00.0072459" startTime="2024-12-14T22:50:04.0054705+02:00" endTime="2024-12-14T22:50:04.0128259+02:00" testType="13cdc9d9-ddb5-4fa4-a97d-d965ccfc6d4b" outcome="Passed" testListId="8c84fa94-04c1-424b-9868-57a2d4851a1d" relativeResultsDirectory="198e376e-1ab3-4a60-8634-01d3fff943b6" />
    <UnitTestResult executionId="ce4a136b-0f3f-4775-86f7-d9e46d36263d" testId="5a7001ee-1e75-0e93-3d6f-d538a3fd810d" testName="Move_ThrowArgumentOutOfRangeException_WhenCoordinateCellDoNotExist (3,0)" computerName="DESKTOP-A038BOA" duration="00:00:00.0000778" startTime="2024-12-14T22:50:04.0502480+02:00" endTime="2024-12-14T22:50:04.0504014+02:00" testType="13cdc9d9-ddb5-4fa4-a97d-d965ccfc6d4b" outcome="Passed" testListId="8c84fa94-04c1-424b-9868-57a2d4851a1d" relativeResultsDirectory="ce4a136b-0f3f-4775-86f7-d9e46d36263d" />
    <UnitTestResult executionId="44aa2379-5113-4b0f-825d-be15617805ed" testId="2aaab0b5-d002-84de-6a25-54aa1d300e4f" testName="Move_MakeMove_WhenBoardChangedPredictably (0,0)" computerName="DESKTOP-A038BOA" duration="00:00:00.0015337" startTime="2024-12-14T22:50:04.0505950+02:00" endTime="2024-12-14T22:50:04.0526430+02:00" testType="13cdc9d9-ddb5-4fa4-a97d-d965ccfc6d4b" outcome="Passed" testListId="8c84fa94-04c1-424b-9868-57a2d4851a1d" relativeResultsDirectory="44aa2379-5113-4b0f-825d-be15617805ed" />
    <UnitTestResult executionId="d0f763d4-04f3-469b-ae31-c9ca00335f61" testId="d0f134f3-ffc5-6045-2be9-fa81030d4a4b" testName="Move_ThrowArgumentOutOfRangeException_WhenCoordinateCellDoNotExist (3,3)" computerName="DESKTOP-A038BOA" duration="00:00:00.0000415" startTime="2024-12-14T22:50:04.0505111+02:00" endTime="2024-12-14T22:50:04.0505872+02:00" testType="13cdc9d9-ddb5-4fa4-a97d-d965ccfc6d4b" outcome="Passed" testListId="8c84fa94-04c1-424b-9868-57a2d4851a1d" relativeResultsDirectory="d0f763d4-04f3-469b-ae31-c9ca00335f61" />
    <UnitTestResult executionId="946cc323-9b13-49dd-b52d-e4b9b863e058" testId="e5b62b0e-9bf6-a409-615d-6678b3e0707a" testName="Move_ThrowArgumentOutOfRangeException_WhenCoordinateCellDoNotExist (-1,-1)" computerName="DESKTOP-A038BOA" duration="00:00:00.0001260" startTime="2024-12-14T22:50:04.0499679+02:00" endTime="2024-12-14T22:50:04.0502189+02:00" testType="13cdc9d9-ddb5-4fa4-a97d-d965ccfc6d4b" outcome="Passed" testListId="8c84fa94-04c1-424b-9868-57a2d4851a1d" relativeResultsDirectory="946cc323-9b13-49dd-b52d-e4b9b863e058" />
    <UnitTestResult executionId="41f3d478-3d2a-4f6a-a8e8-17c955724349" testId="49c317ce-73eb-2c44-1d5b-f8d9fd923abf" testName="Move_ThrowArgumentOutOfRangeException_WhenCoordinateCellDoNotExist (-1,0)" computerName="DESKTOP-A038BOA" duration="00:00:00.0003031" startTime="2024-12-14T22:50:04.0255204+02:00" endTime="2024-12-14T22:50:04.0287124+02:00" testType="13cdc9d9-ddb5-4fa4-a97d-d965ccfc6d4b" outcome="Passed" testListId="8c84fa94-04c1-424b-9868-57a2d4851a1d" relativeResultsDirectory="41f3d478-3d2a-4f6a-a8e8-17c955724349" />
    <UnitTestResult executionId="112574a1-94c5-49db-8daf-f10aa2122450" testId="a29013b6-466a-f553-5b29-cbe963bb6c8d" testName="Move_ThrowArgumentOutOfRangeException_WhenCoordinateCellDoNotExist (0,3)" computerName="DESKTOP-A038BOA" duration="00:00:00.0000465" startTime="2024-12-14T22:50:04.0504174+02:00" endTime="2024-12-14T22:50:04.0505028+02:00" testType="13cdc9d9-ddb5-4fa4-a97d-d965ccfc6d4b" outcome="Passed" testListId="8c84fa94-04c1-424b-9868-57a2d4851a1d" relativeResultsDirectory="112574a1-94c5-49db-8daf-f10aa2122450" />
    <UnitTestResult executionId="d85f6be3-745d-4e86-a2fb-ff3db83b8c92" testId="133b6814-54e3-6526-6b14-688839d4c821" testName="Move_ThrowArgumentOutOfRangeException_WhenCoordinateCellDoNotExist (0,-1)" computerName="DESKTOP-A038BOA" duration="00:00:00.0002621" startTime="2024-12-14T22:50:04.0287409+02:00" endTime="2024-12-14T22:50:04.0291093+02:00" testType="13cdc9d9-ddb5-4fa4-a97d-d965ccfc6d4b" outcome="Passed" testListId="8c84fa94-04c1-424b-9868-57a2d4851a1d" relativeResultsDirectory="d85f6be3-745d-4e86-a2fb-ff3db83b8c92" />
  </Results>
  <TestDefinitions>
    <UnitTest name="Move_ThrowArgumentOutOfRangeException_WhenCoordinateCellDoNotExist (0,3)" storage="d:\subjects\7 semester\csad\labs\csad2425ki406zarytskyi07\lab3\client\client.domain.tests\bin\debug\net8.0-windows\client.domain.tests.dll" id="a29013b6-466a-f553-5b29-cbe963bb6c8d">
      <Execution id="112574a1-94c5-49db-8daf-f10aa2122450" />
      <TestMethod codeBase="D:\Subjects\7 semester\CSAD\Labs\csad2425ki406Zarytskyi07\Lab3\Client\Client.Domain.Tests\bin\Debug\net8.0-windows\Client.Domain.Tests.dll" adapterTypeName="executor://mstestadapter/v2" className="Client.Domain.Tests.GameServiceTests" name="Move_ThrowArgumentOutOfRangeException_WhenCoordinateCellDoNotExist" />
    </UnitTest>
    <UnitTest name="GetServerPort_ReturnConnectedSerialPort_WhenReturnedNeededPort" storage="d:\subjects\7 semester\csad\labs\csad2425ki406zarytskyi07\lab3\client\client.domain.tests\bin\debug\net8.0-windows\client.domain.tests.dll" id="69afdfc5-c59a-c05d-0161-e10db7c81dcd">
      <Execution id="c75d34dc-aa6a-4106-bf69-c58d45883bdc" />
      <TestMethod codeBase="D:\Subjects\7 semester\CSAD\Labs\csad2425ki406Zarytskyi07\Lab3\Client\Client.Domain.Tests\bin\Debug\net8.0-windows\Client.Domain.Tests.dll" adapterTypeName="executor://mstestadapter/v2" className="Client.Domain.Tests.GameServiceTests" name="GetServerPort_ReturnConnectedSerialPort_WhenReturnedNeededPort" />
    </UnitTest>
    <UnitTest name="InvokeGameCommand_ExecuteNewGameCommand_WhenStateIsNew" storage="d:\subjects\7 semester\csad\labs\csad2425ki406zarytskyi07\lab3\client\client.domain.tests\bin\debug\net8.0-windows\client.domain.tests.dll" id="af05363e-f288-ebff-2256-c0bdeff50fb6">
      <Execution id="198e376e-1ab3-4a60-8634-01d3fff943b6" />
      <TestMethod codeBase="D:\Subjects\7 semester\CSAD\Labs\csad2425ki406Zarytskyi07\Lab3\Client\Client.Domain.Tests\bin\Debug\net8.0-windows\Client.Domain.Tests.dll" adapterTypeName="executor://mstestadapter/v2" className="Client.Domain.Tests.GameServiceTests" name="InvokeGameCommand_ExecuteNewGameCommand_WhenStateIsNew" />
    </UnitTest>
    <UnitTest name="Move_ReturnGameState_WhenGameStateUnchanged" storage="d:\subjects\7 semester\csad\labs\csad2425ki406zarytskyi07\lab3\client\client.domain.tests\bin\debug\net8.0-windows\client.domain.tests.dll" id="026537f4-e1b5-9fc9-0296-6ccd1190b5e4">
      <Execution id="c1f7f580-1c98-4d71-95fb-947db0f8e6fe" />
      <TestMethod codeBase="D:\Subjects\7 semester\CSAD\Labs\csad2425ki406Zarytskyi07\Lab3\Client\Client.Domain.Tests\bin\Debug\net8.0-windows\Client.Domain.Tests.dll" adapterTypeName="executor://mstestadapter/v2" className="Client.Domain.Tests.GameServiceTests" name="Move_ReturnGameState_WhenGameStateUnchanged" />
    </UnitTest>
    <UnitTest name="GetGameState_ReturnCurentGameState_WhenReturnedNewGameState" storage="d:\subjects\7 semester\csad\labs\csad2425ki406zarytskyi07\lab3\client\client.domain.tests\bin\debug\net8.0-windows\client.domain.tests.dll" id="f22d09ee-806a-9290-39f3-83750233605b">
      <Execution id="9e898e74-11ff-4f8c-aa4b-5dc6343b22b1" />
      <TestMethod codeBase="D:\Subjects\7 semester\CSAD\Labs\csad2425ki406Zarytskyi07\Lab3\Client\Client.Domain.Tests\bin\Debug\net8.0-windows\Client.Domain.Tests.dll" adapterTypeName="executor://mstestadapter/v2" className="Client.Domain.Tests.GameServiceTests" name="GetGameState_ReturnCurentGameState_WhenReturnedNewGameState" />
    </UnitTest>
    <UnitTest name="Move_ThrowArgumentOutOfRangeException_WhenCoordinateCellDoNotExist (3,3)" storage="d:\subjects\7 semester\csad\labs\csad2425ki406zarytskyi07\lab3\client\client.domain.tests\bin\debug\net8.0-windows\client.domain.tests.dll" id="d0f134f3-ffc5-6045-2be9-fa81030d4a4b">
      <Execution id="d0f763d4-04f3-469b-ae31-c9ca00335f61" />
      <TestMethod codeBase="D:\Subjects\7 semester\CSAD\Labs\csad2425ki406Zarytskyi07\Lab3\Client\Client.Domain.Tests\bin\Debug\net8.0-windows\Client.Domain.Tests.dll" adapterTypeName="executor://mstestadapter/v2" className="Client.Domain.Tests.GameServiceTests" name="Move_ThrowArgumentOutOfRangeException_WhenCoordinateCellDoNotExist" />
    </UnitTest>
    <UnitTest name="InvokeGameCommand_ExecuteLoadGameCommand_WhenCallsLoadMethodAndStateIsPredicted" storage="d:\subjects\7 semester\csad\labs\csad2425ki406zarytskyi07\lab3\client\client.domain.tests\bin\debug\net8.0-windows\client.domain.tests.dll" id="29e367e7-2c2e-e076-dd77-d37380fed57d">
      <Execution id="fae1c35c-1376-4156-92ce-762c498bd5eb" />
      <TestMethod codeBase="D:\Subjects\7 semester\CSAD\Labs\csad2425ki406Zarytskyi07\Lab3\Client\Client.Domain.Tests\bin\Debug\net8.0-windows\Client.Domain.Tests.dll" adapterTypeName="executor://mstestadapter/v2" className="Client.Domain.Tests.GameServiceTests" name="InvokeGameCommand_ExecuteLoadGameCommand_WhenCallsLoadMethodAndStateIsPredicted" />
    </UnitTest>
    <UnitTest name="Move_MakeMove_WhenBoardChangedPredictably (0,0)" storage="d:\subjects\7 semester\csad\labs\csad2425ki406zarytskyi07\lab3\client\client.domain.tests\bin\debug\net8.0-windows\client.domain.tests.dll" id="2aaab0b5-d002-84de-6a25-54aa1d300e4f">
      <Execution id="44aa2379-5113-4b0f-825d-be15617805ed" />
      <TestMethod codeBase="D:\Subjects\7 semester\CSAD\Labs\csad2425ki406Zarytskyi07\Lab3\Client\Client.Domain.Tests\bin\Debug\net8.0-windows\Client.Domain.Tests.dll" adapterTypeName="executor://mstestadapter/v2" className="Client.Domain.Tests.GameServiceTests" name="Move_MakeMove_WhenBoardChangedPredictably" />
    </UnitTest>
    <UnitTest name="Move_ThrowArgumentOutOfRangeException_WhenCoordinateCellDoNotExist (-1,-1)" storage="d:\subjects\7 semester\csad\labs\csad2425ki406zarytskyi07\lab3\client\client.domain.tests\bin\debug\net8.0-windows\client.domain.tests.dll" id="e5b62b0e-9bf6-a409-615d-6678b3e0707a">
      <Execution id="946cc323-9b13-49dd-b52d-e4b9b863e058" />
      <TestMethod codeBase="D:\Subjects\7 semester\CSAD\Labs\csad2425ki406Zarytskyi07\Lab3\Client\Client.Domain.Tests\bin\Debug\net8.0-windows\Client.Domain.Tests.dll" adapterTypeName="executor://mstestadapter/v2" className="Client.Domain.Tests.GameServiceTests" name="Move_ThrowArgumentOutOfRangeException_WhenCoordinateCellDoNotExist" />
    </UnitTest>
    <UnitTest name="Move_ThrowArgumentOutOfRangeException_WhenCoordinateCellDoNotExist (0,-1)" storage="d:\subjects\7 semester\csad\labs\csad2425ki406zarytskyi07\lab3\client\client.domain.tests\bin\debug\net8.0-windows\client.domain.tests.dll" id="133b6814-54e3-6526-6b14-688839d4c821">
      <Execution id="d85f6be3-745d-4e86-a2fb-ff3db83b8c92" />
      <TestMethod codeBase="D:\Subjects\7 semester\CSAD\Labs\csad2425ki406Zarytskyi07\Lab3\Client\Client.Domain.Tests\bin\Debug\net8.0-windows\Client.Domain.Tests.dll" adapterTypeName="executor://mstestadapter/v2" className="Client.Domain.Tests.GameServiceTests" name="Move_ThrowArgumentOutOfRangeException_WhenCoordinateCellDoNotExist" />
    </UnitTest>
    <UnitTest name="Constructor_ThrowArgumentNullException_WhenArgumentsAreNull" storage="d:\subjects\7 semester\csad\labs\csad2425ki406zarytskyi07\lab3\client\client.domain.tests\bin\debug\net8.0-windows\client.domain.tests.dll" id="64e714d6-22a4-041c-7de1-a44502c6950b">
      <Execution id="9cdbd943-3e3c-48c7-80a7-77b91afea7fb" />
      <TestMethod codeBase="D:\Subjects\7 semester\CSAD\Labs\csad2425ki406Zarytskyi07\Lab3\Client\Client.Domain.Tests\bin\Debug\net8.0-windows\Client.Domain.Tests.dll" adapterTypeName="executor://mstestadapter/v2" className="Client.Domain.Tests.GameServiceTests" name="Constructor_ThrowArgumentNullException_WhenArgumentsAreNull" />
    </UnitTest>
    <UnitTest name="Move_ThrowArgumentOutOfRangeException_WhenCoordinateCellDoNotExist (-1,0)" storage="d:\subjects\7 semester\csad\labs\csad2425ki406zarytskyi07\lab3\client\client.domain.tests\bin\debug\net8.0-windows\client.domain.tests.dll" id="49c317ce-73eb-2c44-1d5b-f8d9fd923abf">
      <Execution id="41f3d478-3d2a-4f6a-a8e8-17c955724349" />
      <TestMethod codeBase="D:\Subjects\7 semester\CSAD\Labs\csad2425ki406Zarytskyi07\Lab3\Client\Client.Domain.Tests\bin\Debug\net8.0-windows\Client.Domain.Tests.dll" adapterTypeName="executor://mstestadapter/v2" className="Client.Domain.Tests.GameServiceTests" name="Move_ThrowArgumentOutOfRangeException_WhenCoordinateCellDoNotExist" />
    </UnitTest>
    <UnitTest name="Move_ThrowArgumentOutOfRangeException_WhenCoordinateCellDoNotExist (3,0)" storage="d:\subjects\7 semester\csad\labs\csad2425ki406zarytskyi07\lab3\client\client.domain.tests\bin\debug\net8.0-windows\client.domain.tests.dll" id="5a7001ee-1e75-0e93-3d6f-d538a3fd810d">
      <Execution id="ce4a136b-0f3f-4775-86f7-d9e46d36263d" />
      <TestMethod codeBase="D:\Subjects\7 semester\CSAD\Labs\csad2425ki406Zarytskyi07\Lab3\Client\Client.Domain.Tests\bin\Debug\net8.0-windows\Client.Domain.Tests.dll" adapterTypeName="executor://mstestadapter/v2" className="Client.Domain.Tests.GameServiceTests" name="Move_ThrowArgumentOutOfRangeException_WhenCoordinateCellDoNotExist" />
    </UnitTest>
    <UnitTest name="SaveGameCommand_ExecuteSaveGameCommand_WhenCallsSaveMethodWithGameState" storage="d:\subjects\7 semester\csad\labs\csad2425ki406zarytskyi07\lab3\client\client.domain.tests\bin\debug\net8.0-windows\client.domain.tests.dll" id="116e8b0b-0d0d-214d-dae8-8284b0612d51">
      <Execution id="e0894258-84ef-4e71-8b4f-2a784b630758" />
      <TestMethod codeBase="D:\Subjects\7 semester\CSAD\Labs\csad2425ki406Zarytskyi07\Lab3\Client\Client.Domain.Tests\bin\Debug\net8.0-windows\Client.Domain.Tests.dll" adapterTypeName="executor://mstestadapter/v2" className="Client.Domain.Tests.GameServiceTests" name="SaveGameCommand_ExecuteSaveGameCommand_WhenCallsSaveMethodWithGameState" />
    </UnitTest>
  </TestDefinitions>
  <TestEntries>
    <TestEntry testId="f22d09ee-806a-9290-39f3-83750233605b" executionId="9e898e74-11ff-4f8c-aa4b-5dc6343b22b1" testListId="8c84fa94-04c1-424b-9868-57a2d4851a1d" />
    <TestEntry testId="29e367e7-2c2e-e076-dd77-d37380fed57d" executionId="fae1c35c-1376-4156-92ce-762c498bd5eb" testListId="8c84fa94-04c1-424b-9868-57a2d4851a1d" />
    <TestEntry testId="69afdfc5-c59a-c05d-0161-e10db7c81dcd" executionId="c75d34dc-aa6a-4106-bf69-c58d45883bdc" testListId="8c84fa94-04c1-424b-9868-57a2d4851a1d" />
    <TestEntry testId="026537f4-e1b5-9fc9-0296-6ccd1190b5e4" executionId="c1f7f580-1c98-4d71-95fb-947db0f8e6fe" testListId="8c84fa94-04c1-424b-9868-57a2d4851a1d" />
    <TestEntry testId="64e714d6-22a4-041c-7de1-a44502c6950b" executionId="9cdbd943-3e3c-48c7-80a7-77b91afea7fb" testListId="8c84fa94-04c1-424b-9868-57a2d4851a1d" />
    <TestEntry testId="116e8b0b-0d0d-214d-dae8-8284b0612d51" executionId="e0894258-84ef-4e71-8b4f-2a784b630758" testListId="8c84fa94-04c1-424b-9868-57a2d4851a1d" />
    <TestEntry testId="af05363e-f288-ebff-2256-c0bdeff50fb6" executionId="198e376e-1ab3-4a60-8634-01d3fff943b6" testListId="8c84fa94-04c1-424b-9868-57a2d4851a1d" />
    <TestEntry testId="5a7001ee-1e75-0e93-3d6f-d538a3fd810d" executionId="ce4a136b-0f3f-4775-86f7-d9e46d36263d" testListId="8c84fa94-04c1-424b-9868-57a2d4851a1d" />
    <TestEntry testId="2aaab0b5-d002-84de-6a25-54aa1d300e4f" executionId="44aa2379-5113-4b0f-825d-be15617805ed" testListId="8c84fa94-04c1-424b-9868-57a2d4851a1d" />
    <TestEntry testId="d0f134f3-ffc5-6045-2be9-fa81030d4a4b" executionId="d0f763d4-04f3-469b-ae31-c9ca00335f61" testListId="8c84fa94-04c1-424b-9868-57a2d4851a1d" />
    <TestEntry testId="e5b62b0e-9bf6-a409-615d-6678b3e0707a" executionId="946cc323-9b13-49dd-b52d-e4b9b863e058" testListId="8c84fa94-04c1-424b-9868-57a2d4851a1d" />
    <TestEntry testId="49c317ce-73eb-2c44-1d5b-f8d9fd923abf" executionId="41f3d478-3d2a-4f6a-a8e8-17c955724349" testListId="8c84fa94-04c1-424b-9868-57a2d4851a1d" />
    <TestEntry testId="a29013b6-466a-f553-5b29-cbe963bb6c8d" executionId="112574a1-94c5-49db-8daf-f10aa2122450" testListId="8c84fa94-04c1-424b-9868-57a2d4851a1d" />
    <TestEntry testId="133b6814-54e3-6526-6b14-688839d4c821" executionId="d85f6be3-745d-4e86-a2fb-ff3db83b8c92" testListId="8c84fa94-04c1-424b-9868-57a2d4851a1d" />
  </TestEntries>
  <TestLists>
    <TestList name="Results Not in a List" id="8c84fa94-04c1-424b-9868-57a2d4851a1d" />
    <TestList name="All Loaded Results" id="19431567-8539-422a-85d7-44ee4e166bda" />
  </TestLists>
  <ResultSummary outcome="Completed">
    <Counters total="14" executed="14" passed="14" failed="0" error="0" timeout="0" aborted="0" inconclusive="0" passedButRunAborted="0" notRunnable="0" notExecuted="0" disconnected="0" warning="0" completed="0" inProgress="0" pending="0" />
  </ResultSummary>
</TestRun>