<?xml version="1.0" encoding="utf-8"?>
<TestRun id="4d16c887-d8f6-4a70-99d4-6d564f971454" name="Yaroslav@DESKTOP-A038BOA 2024-12-16 14:33:39" runUser="DESKTOP-A038BOA\Yaroslav" xmlns="http://microsoft.com/schemas/VisualStudio/TeamTest/2010">
  <Times creation="2024-12-16T14:33:39.4800047+02:00" queuing="2024-12-16T14:33:39.4800049+02:00" start="2024-12-16T14:33:36.1485574+02:00" finish="2024-12-16T14:33:39.5016792+02:00" />
  <TestSettings name="default" id="d4525698-cda4-4571-a9e1-4fd6040f255f">
    <Deployment runDeploymentRoot="Yaroslav_DESKTOP-A038BOA_2024-12-16_14_33_39" />
  </TestSettings>
  <Results>
    <UnitTestResult executionId="3269245f-307a-480d-a404-097778459d4f" testId="f22d09ee-806a-9290-39f3-83750233605b" testName="GetGameState_ReturnCurentGameState_WhenReturnedNewGameState" computerName="DESKTOP-A038BOA" duration="00:00:00.0001229" startTime="2024-12-16T14:33:39.4136314+02:00" endTime="2024-12-16T14:33:39.4138157+02:00" testType="13cdc9d9-ddb5-4fa4-a97d-d965ccfc6d4b" outcome="Passed" testListId="8c84fa94-04c1-424b-9868-57a2d4851a1d" relativeResultsDirectory="3269245f-307a-480d-a404-097778459d4f" />
    <UnitTestResult executionId="9367fca8-0165-4560-8099-d86ad523bb8e" testId="5a7001ee-1e75-0e93-3d6f-d538a3fd810d" testName="Move_ThrowArgumentOutOfRangeException_WhenCoordinateCellDoNotExist (3,0)" computerName="DESKTOP-A038BOA" duration="00:00:00.0000757" startTime="2024-12-16T14:33:39.4412795+02:00" endTime="2024-12-16T14:33:39.4414348+02:00" testType="13cdc9d9-ddb5-4fa4-a97d-d965ccfc6d4b" outcome="Passed" testListId="8c84fa94-04c1-424b-9868-57a2d4851a1d" relativeResultsDirectory="9367fca8-0165-4560-8099-d86ad523bb8e" />
    <UnitTestResult executionId="84016f71-6850-443d-91fc-35ae7ce4f5b4" testId="29e367e7-2c2e-e076-dd77-d37380fed57d" testName="InvokeGameCommand_ExecuteLoadGameCommand_WhenCallsLoadMethodAndStateIsPredicted" computerName="DESKTOP-A038BOA" duration="00:00:00.0043289" startTime="2024-12-16T14:33:39.4001777+02:00" endTime="2024-12-16T14:33:39.4046337+02:00" testType="13cdc9d9-ddb5-4fa4-a97d-d965ccfc6d4b" outcome="Passed" testListId="8c84fa94-04c1-424b-9868-57a2d4851a1d" relativeResultsDirectory="84016f71-6850-443d-91fc-35ae7ce4f5b4" />
    <UnitTestResult executionId="6e9e16da-78b3-4494-884b-d6ed932cd509" testId="af05363e-f288-ebff-2256-c0bdeff50fb6" testName="InvokeGameCommand_ExecuteNewGameCommand_WhenStateIsNew" computerName="DESKTOP-A038BOA" duration="00:00:00.0071669" startTime="2024-12-16T14:33:39.3925567+02:00" endTime="2024-12-16T14:33:39.3999136+02:00" testType="13cdc9d9-ddb5-4fa4-a97d-d965ccfc6d4b" outcome="Passed" testListId="8c84fa94-04c1-424b-9868-57a2d4851a1d" relativeResultsDirectory="6e9e16da-78b3-4494-884b-d6ed932cd509" />
    <UnitTestResult executionId="f7bbdc8d-1d0c-4204-8b4c-57f7268277b8" testId="64e714d6-22a4-041c-7de1-a44502c6950b" testName="Constructor_ThrowArgumentNullException_WhenArgumentsAreNull" computerName="DESKTOP-A038BOA" duration="00:00:00.7333526" startTime="2024-12-16T14:33:38.6490738+02:00" endTime="2024-12-16T14:33:39.3901200+02:00" testType="13cdc9d9-ddb5-4fa4-a97d-d965ccfc6d4b" outcome="Passed" testListId="8c84fa94-04c1-424b-9868-57a2d4851a1d" relativeResultsDirectory="f7bbdc8d-1d0c-4204-8b4c-57f7268277b8" />
    <UnitTestResult executionId="3f403fe5-ce4a-4b44-8fff-acb060ed7bf2" testId="d0f134f3-ffc5-6045-2be9-fa81030d4a4b" testName="Move_ThrowArgumentOutOfRangeException_WhenCoordinateCellDoNotExist (3,3)" computerName="DESKTOP-A038BOA" duration="00:00:00.0000548" startTime="2024-12-16T14:33:39.4415786+02:00" endTime="2024-12-16T14:33:39.4416804+02:00" testType="13cdc9d9-ddb5-4fa4-a97d-d965ccfc6d4b" outcome="Passed" testListId="8c84fa94-04c1-424b-9868-57a2d4851a1d" relativeResultsDirectory="3f403fe5-ce4a-4b44-8fff-acb060ed7bf2" />
    <UnitTestResult executionId="17fafe00-db49-441b-b0d6-d294651d29b4" testId="116e8b0b-0d0d-214d-dae8-8284b0612d51" testName="SaveGameCommand_ExecuteSaveGameCommand_WhenCallsSaveMethodWithGameState" computerName="DESKTOP-A038BOA" duration="00:00:00.0019730" startTime="2024-12-16T14:33:39.4046795+02:00" endTime="2024-12-16T14:33:39.4067615+02:00" testType="13cdc9d9-ddb5-4fa4-a97d-d965ccfc6d4b" outcome="Passed" testListId="8c84fa94-04c1-424b-9868-57a2d4851a1d" relativeResultsDirectory="17fafe00-db49-441b-b0d6-d294651d29b4" />
    <UnitTestResult executionId="f80b2ebf-a54c-451b-a67d-3be75928ddf5" testId="a29013b6-466a-f553-5b29-cbe963bb6c8d" testName="Move_ThrowArgumentOutOfRangeException_WhenCoordinateCellDoNotExist (0,3)" computerName="DESKTOP-A038BOA" duration="00:00:00.0000587" startTime="2024-12-16T14:33:39.4414527+02:00" endTime="2024-12-16T14:33:39.4415642+02:00" testType="13cdc9d9-ddb5-4fa4-a97d-d965ccfc6d4b" outcome="Passed" testListId="8c84fa94-04c1-424b-9868-57a2d4851a1d" relativeResultsDirectory="f80b2ebf-a54c-451b-a67d-3be75928ddf5" />
    <UnitTestResult executionId="50a3f7ed-ca30-4d69-a039-f6c05bf3ae49" testId="2aaab0b5-d002-84de-6a25-54aa1d300e4f" testName="Move_MakeMove_WhenBoardChangedPredictably (0,0)" computerName="DESKTOP-A038BOA" duration="00:00:00.0015806" startTime="2024-12-16T14:33:39.4416936+02:00" endTime="2024-12-16T14:33:39.4438348+02:00" testType="13cdc9d9-ddb5-4fa4-a97d-d965ccfc6d4b" outcome="Passed" testListId="8c84fa94-04c1-424b-9868-57a2d4851a1d" relativeResultsDirectory="50a3f7ed-ca30-4d69-a039-f6c05bf3ae49" />
    <UnitTestResult executionId="ac4f4512-6b3a-4308-90b7-c1a4dea95e90" testId="026537f4-e1b5-9fc9-0296-6ccd1190b5e4" testName="Move_ReturnGameState_WhenGameStateUnchanged" computerName="DESKTOP-A038BOA" duration="00:00:00.0003076" startTime="2024-12-16T14:33:39.4138417+02:00" endTime="2024-12-16T14:33:39.4142064+02:00" testType="13cdc9d9-ddb5-4fa4-a97d-d965ccfc6d4b" outcome="Passed" testListId="8c84fa94-04c1-424b-9868-57a2d4851a1d" relativeResultsDirectory="ac4f4512-6b3a-4308-90b7-c1a4dea95e90" />
    <UnitTestResult executionId="64a5544d-ca4a-43cc-9926-d7103fcf26f8" testId="133b6814-54e3-6526-6b14-688839d4c821" testName="Move_ThrowArgumentOutOfRangeException_WhenCoordinateCellDoNotExist (0,-1)" computerName="DESKTOP-A038BOA" duration="00:00:00.0002605" startTime="2024-12-16T14:33:39.4180296+02:00" endTime="2024-12-16T14:33:39.4183903+02:00" testType="13cdc9d9-ddb5-4fa4-a97d-d965ccfc6d4b" outcome="Passed" testListId="8c84fa94-04c1-424b-9868-57a2d4851a1d" relativeResultsDirectory="64a5544d-ca4a-43cc-9926-d7103fcf26f8" />
    <UnitTestResult executionId="049004f5-322b-4d50-aea3-ea04758bd0ea" testId="49c317ce-73eb-2c44-1d5b-f8d9fd923abf" testName="Move_ThrowArgumentOutOfRangeException_WhenCoordinateCellDoNotExist (-1,0)" computerName="DESKTOP-A038BOA" duration="00:00:00.0003482" startTime="2024-12-16T14:33:39.4142326+02:00" endTime="2024-12-16T14:33:39.4179958+02:00" testType="13cdc9d9-ddb5-4fa4-a97d-d965ccfc6d4b" outcome="Passed" testListId="8c84fa94-04c1-424b-9868-57a2d4851a1d" relativeResultsDirectory="049004f5-322b-4d50-aea3-ea04758bd0ea" />
    <UnitTestResult executionId="b7a811c5-7b9f-456d-842e-2e858aa2aed7" testId="69afdfc5-c59a-c05d-0161-e10db7c81dcd" testName="GetServerPort_ReturnConnectedSerialPort_WhenReturnedNeededPort" computerName="DESKTOP-A038BOA" duration="00:00:00.0067180" startTime="2024-12-16T14:33:39.4067969+02:00" endTime="2024-12-16T14:33:39.4135977+02:00" testType="13cdc9d9-ddb5-4fa4-a97d-d965ccfc6d4b" outcome="Passed" testListId="8c84fa94-04c1-424b-9868-57a2d4851a1d" relativeResultsDirectory="b7a811c5-7b9f-456d-842e-2e858aa2aed7" />
    <UnitTestResult executionId="dc3c0029-a758-403e-be8d-37dfca06d2b7" testId="e5b62b0e-9bf6-a409-615d-6678b3e0707a" testName="Move_ThrowArgumentOutOfRangeException_WhenCoordinateCellDoNotExist (-1,-1)" computerName="DESKTOP-A038BOA" duration="00:00:00.0001387" startTime="2024-12-16T14:33:39.4409475+02:00" endTime="2024-12-16T14:33:39.4412406+02:00" testType="13cdc9d9-ddb5-4fa4-a97d-d965ccfc6d4b" outcome="Passed" testListId="8c84fa94-04c1-424b-9868-57a2d4851a1d" relativeResultsDirectory="dc3c0029-a758-403e-be8d-37dfca06d2b7" />
  </Results>
  <TestDefinitions>
    <UnitTest name="Move_ThrowArgumentOutOfRangeException_WhenCoordinateCellDoNotExist (0,3)" storage="d:\subjects\7 semester\csad\labs\csad2425ki406zarytskyi07\lab3\client\client.domain.tests\bin\debug\net8.0-windows\client.domain.tests.dll" id="a29013b6-466a-f553-5b29-cbe963bb6c8d">
      <Execution id="f80b2ebf-a54c-451b-a67d-3be75928ddf5" />
      <TestMethod codeBase="D:\Subjects\7 semester\CSAD\Labs\csad2425ki406Zarytskyi07\Lab3\Client\Client.Domain.Tests\bin\Debug\net8.0-windows\Client.Domain.Tests.dll" adapterTypeName="executor://mstestadapter/v2" className="Client.Domain.Tests.GameServiceTests" name="Move_ThrowArgumentOutOfRangeException_WhenCoordinateCellDoNotExist" />
    </UnitTest>
    <UnitTest name="GetServerPort_ReturnConnectedSerialPort_WhenReturnedNeededPort" storage="d:\subjects\7 semester\csad\labs\csad2425ki406zarytskyi07\lab3\client\client.domain.tests\bin\debug\net8.0-windows\client.domain.tests.dll" id="69afdfc5-c59a-c05d-0161-e10db7c81dcd">
      <Execution id="b7a811c5-7b9f-456d-842e-2e858aa2aed7" />
      <TestMethod codeBase="D:\Subjects\7 semester\CSAD\Labs\csad2425ki406Zarytskyi07\Lab3\Client\Client.Domain.Tests\bin\Debug\net8.0-windows\Client.Domain.Tests.dll" adapterTypeName="executor://mstestadapter/v2" className="Client.Domain.Tests.GameServiceTests" name="GetServerPort_ReturnConnectedSerialPort_WhenReturnedNeededPort" />
    </UnitTest>
    <UnitTest name="InvokeGameCommand_ExecuteNewGameCommand_WhenStateIsNew" storage="d:\subjects\7 semester\csad\labs\csad2425ki406zarytskyi07\lab3\client\client.domain.tests\bin\debug\net8.0-windows\client.domain.tests.dll" id="af05363e-f288-ebff-2256-c0bdeff50fb6">
      <Execution id="6e9e16da-78b3-4494-884b-d6ed932cd509" />
      <TestMethod codeBase="D:\Subjects\7 semester\CSAD\Labs\csad2425ki406Zarytskyi07\Lab3\Client\Client.Domain.Tests\bin\Debug\net8.0-windows\Client.Domain.Tests.dll" adapterTypeName="executor://mstestadapter/v2" className="Client.Domain.Tests.GameServiceTests" name="InvokeGameCommand_ExecuteNewGameCommand_WhenStateIsNew" />
    </UnitTest>
    <UnitTest name="Move_ReturnGameState_WhenGameStateUnchanged" storage="d:\subjects\7 semester\csad\labs\csad2425ki406zarytskyi07\lab3\client\client.domain.tests\bin\debug\net8.0-windows\client.domain.tests.dll" id="026537f4-e1b5-9fc9-0296-6ccd1190b5e4">
      <Execution id="ac4f4512-6b3a-4308-90b7-c1a4dea95e90" />
      <TestMethod codeBase="D:\Subjects\7 semester\CSAD\Labs\csad2425ki406Zarytskyi07\Lab3\Client\Client.Domain.Tests\bin\Debug\net8.0-windows\Client.Domain.Tests.dll" adapterTypeName="executor://mstestadapter/v2" className="Client.Domain.Tests.GameServiceTests" name="Move_ReturnGameState_WhenGameStateUnchanged" />
    </UnitTest>
    <UnitTest name="GetGameState_ReturnCurentGameState_WhenReturnedNewGameState" storage="d:\subjects\7 semester\csad\labs\csad2425ki406zarytskyi07\lab3\client\client.domain.tests\bin\debug\net8.0-windows\client.domain.tests.dll" id="f22d09ee-806a-9290-39f3-83750233605b">
      <Execution id="3269245f-307a-480d-a404-097778459d4f" />
      <TestMethod codeBase="D:\Subjects\7 semester\CSAD\Labs\csad2425ki406Zarytskyi07\Lab3\Client\Client.Domain.Tests\bin\Debug\net8.0-windows\Client.Domain.Tests.dll" adapterTypeName="executor://mstestadapter/v2" className="Client.Domain.Tests.GameServiceTests" name="GetGameState_ReturnCurentGameState_WhenReturnedNewGameState" />
    </UnitTest>
    <UnitTest name="Move_ThrowArgumentOutOfRangeException_WhenCoordinateCellDoNotExist (3,3)" storage="d:\subjects\7 semester\csad\labs\csad2425ki406zarytskyi07\lab3\client\client.domain.tests\bin\debug\net8.0-windows\client.domain.tests.dll" id="d0f134f3-ffc5-6045-2be9-fa81030d4a4b">
      <Execution id="3f403fe5-ce4a-4b44-8fff-acb060ed7bf2" />
      <TestMethod codeBase="D:\Subjects\7 semester\CSAD\Labs\csad2425ki406Zarytskyi07\Lab3\Client\Client.Domain.Tests\bin\Debug\net8.0-windows\Client.Domain.Tests.dll" adapterTypeName="executor://mstestadapter/v2" className="Client.Domain.Tests.GameServiceTests" name="Move_ThrowArgumentOutOfRangeException_WhenCoordinateCellDoNotExist" />
    </UnitTest>
    <UnitTest name="InvokeGameCommand_ExecuteLoadGameCommand_WhenCallsLoadMethodAndStateIsPredicted" storage="d:\subjects\7 semester\csad\labs\csad2425ki406zarytskyi07\lab3\client\client.domain.tests\bin\debug\net8.0-windows\client.domain.tests.dll" id="29e367e7-2c2e-e076-dd77-d37380fed57d">
      <Execution id="84016f71-6850-443d-91fc-35ae7ce4f5b4" />
      <TestMethod codeBase="D:\Subjects\7 semester\CSAD\Labs\csad2425ki406Zarytskyi07\Lab3\Client\Client.Domain.Tests\bin\Debug\net8.0-windows\Client.Domain.Tests.dll" adapterTypeName="executor://mstestadapter/v2" className="Client.Domain.Tests.GameServiceTests" name="InvokeGameCommand_ExecuteLoadGameCommand_WhenCallsLoadMethodAndStateIsPredicted" />
    </UnitTest>
    <UnitTest name="Move_MakeMove_WhenBoardChangedPredictably (0,0)" storage="d:\subjects\7 semester\csad\labs\csad2425ki406zarytskyi07\lab3\client\client.domain.tests\bin\debug\net8.0-windows\client.domain.tests.dll" id="2aaab0b5-d002-84de-6a25-54aa1d300e4f">
      <Execution id="50a3f7ed-ca30-4d69-a039-f6c05bf3ae49" />
      <TestMethod codeBase="D:\Subjects\7 semester\CSAD\Labs\csad2425ki406Zarytskyi07\Lab3\Client\Client.Domain.Tests\bin\Debug\net8.0-windows\Client.Domain.Tests.dll" adapterTypeName="executor://mstestadapter/v2" className="Client.Domain.Tests.GameServiceTests" name="Move_MakeMove_WhenBoardChangedPredictably" />
    </UnitTest>
    <UnitTest name="Move_ThrowArgumentOutOfRangeException_WhenCoordinateCellDoNotExist (-1,-1)" storage="d:\subjects\7 semester\csad\labs\csad2425ki406zarytskyi07\lab3\client\client.domain.tests\bin\debug\net8.0-windows\client.domain.tests.dll" id="e5b62b0e-9bf6-a409-615d-6678b3e0707a">
      <Execution id="dc3c0029-a758-403e-be8d-37dfca06d2b7" />
      <TestMethod codeBase="D:\Subjects\7 semester\CSAD\Labs\csad2425ki406Zarytskyi07\Lab3\Client\Client.Domain.Tests\bin\Debug\net8.0-windows\Client.Domain.Tests.dll" adapterTypeName="executor://mstestadapter/v2" className="Client.Domain.Tests.GameServiceTests" name="Move_ThrowArgumentOutOfRangeException_WhenCoordinateCellDoNotExist" />
    </UnitTest>
    <UnitTest name="Move_ThrowArgumentOutOfRangeException_WhenCoordinateCellDoNotExist (0,-1)" storage="d:\subjects\7 semester\csad\labs\csad2425ki406zarytskyi07\lab3\client\client.domain.tests\bin\debug\net8.0-windows\client.domain.tests.dll" id="133b6814-54e3-6526-6b14-688839d4c821">
      <Execution id="64a5544d-ca4a-43cc-9926-d7103fcf26f8" />
      <TestMethod codeBase="D:\Subjects\7 semester\CSAD\Labs\csad2425ki406Zarytskyi07\Lab3\Client\Client.Domain.Tests\bin\Debug\net8.0-windows\Client.Domain.Tests.dll" adapterTypeName="executor://mstestadapter/v2" className="Client.Domain.Tests.GameServiceTests" name="Move_ThrowArgumentOutOfRangeException_WhenCoordinateCellDoNotExist" />
    </UnitTest>
    <UnitTest name="Constructor_ThrowArgumentNullException_WhenArgumentsAreNull" storage="d:\subjects\7 semester\csad\labs\csad2425ki406zarytskyi07\lab3\client\client.domain.tests\bin\debug\net8.0-windows\client.domain.tests.dll" id="64e714d6-22a4-041c-7de1-a44502c6950b">
      <Execution id="f7bbdc8d-1d0c-4204-8b4c-57f7268277b8" />
      <TestMethod codeBase="D:\Subjects\7 semester\CSAD\Labs\csad2425ki406Zarytskyi07\Lab3\Client\Client.Domain.Tests\bin\Debug\net8.0-windows\Client.Domain.Tests.dll" adapterTypeName="executor://mstestadapter/v2" className="Client.Domain.Tests.GameServiceTests" name="Constructor_ThrowArgumentNullException_WhenArgumentsAreNull" />
    </UnitTest>
    <UnitTest name="Move_ThrowArgumentOutOfRangeException_WhenCoordinateCellDoNotExist (-1,0)" storage="d:\subjects\7 semester\csad\labs\csad2425ki406zarytskyi07\lab3\client\client.domain.tests\bin\debug\net8.0-windows\client.domain.tests.dll" id="49c317ce-73eb-2c44-1d5b-f8d9fd923abf">
      <Execution id="049004f5-322b-4d50-aea3-ea04758bd0ea" />
      <TestMethod codeBase="D:\Subjects\7 semester\CSAD\Labs\csad2425ki406Zarytskyi07\Lab3\Client\Client.Domain.Tests\bin\Debug\net8.0-windows\Client.Domain.Tests.dll" adapterTypeName="executor://mstestadapter/v2" className="Client.Domain.Tests.GameServiceTests" name="Move_ThrowArgumentOutOfRangeException_WhenCoordinateCellDoNotExist" />
    </UnitTest>
    <UnitTest name="Move_ThrowArgumentOutOfRangeException_WhenCoordinateCellDoNotExist (3,0)" storage="d:\subjects\7 semester\csad\labs\csad2425ki406zarytskyi07\lab3\client\client.domain.tests\bin\debug\net8.0-windows\client.domain.tests.dll" id="5a7001ee-1e75-0e93-3d6f-d538a3fd810d">
      <Execution id="9367fca8-0165-4560-8099-d86ad523bb8e" />
      <TestMethod codeBase="D:\Subjects\7 semester\CSAD\Labs\csad2425ki406Zarytskyi07\Lab3\Client\Client.Domain.Tests\bin\Debug\net8.0-windows\Client.Domain.Tests.dll" adapterTypeName="executor://mstestadapter/v2" className="Client.Domain.Tests.GameServiceTests" name="Move_ThrowArgumentOutOfRangeException_WhenCoordinateCellDoNotExist" />
    </UnitTest>
    <UnitTest name="SaveGameCommand_ExecuteSaveGameCommand_WhenCallsSaveMethodWithGameState" storage="d:\subjects\7 semester\csad\labs\csad2425ki406zarytskyi07\lab3\client\client.domain.tests\bin\debug\net8.0-windows\client.domain.tests.dll" id="116e8b0b-0d0d-214d-dae8-8284b0612d51">
      <Execution id="17fafe00-db49-441b-b0d6-d294651d29b4" />
      <TestMethod codeBase="D:\Subjects\7 semester\CSAD\Labs\csad2425ki406Zarytskyi07\Lab3\Client\Client.Domain.Tests\bin\Debug\net8.0-windows\Client.Domain.Tests.dll" adapterTypeName="executor://mstestadapter/v2" className="Client.Domain.Tests.GameServiceTests" name="SaveGameCommand_ExecuteSaveGameCommand_WhenCallsSaveMethodWithGameState" />
    </UnitTest>
  </TestDefinitions>
  <TestEntries>
    <TestEntry testId="f22d09ee-806a-9290-39f3-83750233605b" executionId="3269245f-307a-480d-a404-097778459d4f" testListId="8c84fa94-04c1-424b-9868-57a2d4851a1d" />
    <TestEntry testId="5a7001ee-1e75-0e93-3d6f-d538a3fd810d" executionId="9367fca8-0165-4560-8099-d86ad523bb8e" testListId="8c84fa94-04c1-424b-9868-57a2d4851a1d" />
    <TestEntry testId="29e367e7-2c2e-e076-dd77-d37380fed57d" executionId="84016f71-6850-443d-91fc-35ae7ce4f5b4" testListId="8c84fa94-04c1-424b-9868-57a2d4851a1d" />
    <TestEntry testId="af05363e-f288-ebff-2256-c0bdeff50fb6" executionId="6e9e16da-78b3-4494-884b-d6ed932cd509" testListId="8c84fa94-04c1-424b-9868-57a2d4851a1d" />
    <TestEntry testId="64e714d6-22a4-041c-7de1-a44502c6950b" executionId="f7bbdc8d-1d0c-4204-8b4c-57f7268277b8" testListId="8c84fa94-04c1-424b-9868-57a2d4851a1d" />
    <TestEntry testId="d0f134f3-ffc5-6045-2be9-fa81030d4a4b" executionId="3f403fe5-ce4a-4b44-8fff-acb060ed7bf2" testListId="8c84fa94-04c1-424b-9868-57a2d4851a1d" />
    <TestEntry testId="116e8b0b-0d0d-214d-dae8-8284b0612d51" executionId="17fafe00-db49-441b-b0d6-d294651d29b4" testListId="8c84fa94-04c1-424b-9868-57a2d4851a1d" />
    <TestEntry testId="a29013b6-466a-f553-5b29-cbe963bb6c8d" executionId="f80b2ebf-a54c-451b-a67d-3be75928ddf5" testListId="8c84fa94-04c1-424b-9868-57a2d4851a1d" />
    <TestEntry testId="2aaab0b5-d002-84de-6a25-54aa1d300e4f" executionId="50a3f7ed-ca30-4d69-a039-f6c05bf3ae49" testListId="8c84fa94-04c1-424b-9868-57a2d4851a1d" />
    <TestEntry testId="026537f4-e1b5-9fc9-0296-6ccd1190b5e4" executionId="ac4f4512-6b3a-4308-90b7-c1a4dea95e90" testListId="8c84fa94-04c1-424b-9868-57a2d4851a1d" />
    <TestEntry testId="133b6814-54e3-6526-6b14-688839d4c821" executionId="64a5544d-ca4a-43cc-9926-d7103fcf26f8" testListId="8c84fa94-04c1-424b-9868-57a2d4851a1d" />
    <TestEntry testId="49c317ce-73eb-2c44-1d5b-f8d9fd923abf" executionId="049004f5-322b-4d50-aea3-ea04758bd0ea" testListId="8c84fa94-04c1-424b-9868-57a2d4851a1d" />
    <TestEntry testId="69afdfc5-c59a-c05d-0161-e10db7c81dcd" executionId="b7a811c5-7b9f-456d-842e-2e858aa2aed7" testListId="8c84fa94-04c1-424b-9868-57a2d4851a1d" />
    <TestEntry testId="e5b62b0e-9bf6-a409-615d-6678b3e0707a" executionId="dc3c0029-a758-403e-be8d-37dfca06d2b7" testListId="8c84fa94-04c1-424b-9868-57a2d4851a1d" />
  </TestEntries>
  <TestLists>
    <TestList name="Results Not in a List" id="8c84fa94-04c1-424b-9868-57a2d4851a1d" />
    <TestList name="All Loaded Results" id="19431567-8539-422a-85d7-44ee4e166bda" />
  </TestLists>
  <ResultSummary outcome="Completed">
    <Counters total="14" executed="14" passed="14" failed="0" error="0" timeout="0" aborted="0" inconclusive="0" passedButRunAborted="0" notRunnable="0" notExecuted="0" disconnected="0" warning="0" completed="0" inProgress="0" pending="0" />
  </ResultSummary>
</TestRun>